<?xml version="1.0"?>
<!DOCTYPE coverage SYSTEM "http://cobertura.sourceforge.net/xml/coverage-04.dtd">

<coverage line-rate="0.0" branch-rate="0.05027932960893855" lines-covered="0" lines-valid="17" branches-covered="36" branches-valid="716" complexity="3.5689832249229716" version="2.0.3" timestamp="1642236711390">
	<sources>
		<source>src</source>
	</sources>
	<packages>
		<package name="com.google.javascript.jscomp" line-rate="0.0" branch-rate="0.07857142857142857" complexity="3.565436687018848">
			<classes>
				<class name="com.google.javascript.jscomp.AbstractCommandLineRunner" filename="com/google/javascript/jscomp/AbstractCommandLineRunner.java" line-rate="1.0" branch-rate="1.0" complexity="3.2142857142857144">
					<methods>
					</methods>
					<lines>
					</lines>
				</class>
				<class name="com.google.javascript.jscomp.AbstractCommandLineRunner$1" filename="com/google/javascript/jscomp/AbstractCommandLineRunner.java" line-rate="1.0" branch-rate="1.0" complexity="3.2142857142857144">
					<methods>
					</methods>
					<lines>
					</lines>
				</class>
				<class name="com.google.javascript.jscomp.AbstractCommandLineRunner$CommandLineConfig" filename="com/google/javascript/jscomp/AbstractCommandLineRunner.java" line-rate="1.0" branch-rate="1.0" complexity="3.2142857142857144">
					<methods>
					</methods>
					<lines>
					</lines>
				</class>
				<class name="com.google.javascript.jscomp.AbstractCommandLineRunner$FlagUsageException" filename="com/google/javascript/jscomp/AbstractCommandLineRunner.java" line-rate="1.0" branch-rate="1.0" complexity="3.2142857142857144">
					<methods>
					</methods>
					<lines>
					</lines>
				</class>
				<class name="com.google.javascript.jscomp.AbstractCommandLineRunner$RunTimeStats" filename="com/google/javascript/jscomp/AbstractCommandLineRunner.java" line-rate="1.0" branch-rate="1.0" complexity="3.2142857142857144">
					<methods>
					</methods>
					<lines>
					</lines>
				</class>
				<class name="com.google.javascript.jscomp.AbstractCompiler" filename="com/google/javascript/jscomp/AbstractCompiler.java" line-rate="1.0" branch-rate="1.0" complexity="1.0">
					<methods>
					</methods>
					<lines>
					</lines>
				</class>
				<class name="com.google.javascript.jscomp.AbstractMessageFormatter" filename="com/google/javascript/jscomp/AbstractMessageFormatter.java" line-rate="0.0" branch-rate="0.0" complexity="1.75">
					<methods>
					</methods>
					<lines>
						<line number="0" hits="0" branch="true" condition-coverage="0% (0/3)">
							<conditions>
								<condition number="0" type="switch" coverage="0%"/>
							</conditions>
						</line>
					</lines>
				</class>
				<class name="com.google.javascript.jscomp.AbstractMessageFormatter$1" filename="com/google/javascript/jscomp/AbstractMessageFormatter.java" line-rate="1.0" branch-rate="1.0" complexity="1.75">
					<methods>
					</methods>
					<lines>
					</lines>
				</class>
				<class name="com.google.javascript.jscomp.AbstractMessageFormatter$Color" filename="com/google/javascript/jscomp/AbstractMessageFormatter.java" line-rate="1.0" branch-rate="1.0" complexity="1.75">
					<methods>
					</methods>
					<lines>
					</lines>
				</class>
				<class name="com.google.javascript.jscomp.AbstractPeepholeOptimization" filename="com/google/javascript/jscomp/AbstractPeepholeOptimization.java" line-rate="1.0" branch-rate="1.0" complexity="1.0">
					<methods>
					</methods>
					<lines>
					</lines>
				</class>
				<class name="com.google.javascript.jscomp.AliasExternals" filename="com/google/javascript/jscomp/AliasExternals.java" line-rate="1.0" branch-rate="1.0" complexity="3.7777777777777777">
					<methods>
					</methods>
					<lines>
					</lines>
				</class>
				<class name="com.google.javascript.jscomp.AliasExternals$1" filename="com/google/javascript/jscomp/AliasExternals.java" line-rate="1.0" branch-rate="1.0" complexity="3.7777777777777777">
					<methods>
					</methods>
					<lines>
					</lines>
				</class>
				<class name="com.google.javascript.jscomp.AliasExternals$GetAliasableNames" filename="com/google/javascript/jscomp/AliasExternals.java" line-rate="1.0" branch-rate="1.0" complexity="3.7777777777777777">
					<methods>
					</methods>
					<lines>
					</lines>
				</class>
				<class name="com.google.javascript.jscomp.AliasExternals$GetGlobals" filename="com/google/javascript/jscomp/AliasExternals.java" line-rate="1.0" branch-rate="1.0" complexity="3.7777777777777777">
					<methods>
					</methods>
					<lines>
					</lines>
				</class>
				<class name="com.google.javascript.jscomp.AliasExternals$GlobalGatherer" filename="com/google/javascript/jscomp/AliasExternals.java" line-rate="1.0" branch-rate="1.0" complexity="3.7777777777777777">
					<methods>
					</methods>
					<lines>
					</lines>
				</class>
				<class name="com.google.javascript.jscomp.AliasExternals$Property" filename="com/google/javascript/jscomp/AliasExternals.java" line-rate="1.0" branch-rate="1.0" complexity="3.7777777777777777">
					<methods>
					</methods>
					<lines>
					</lines>
				</class>
				<class name="com.google.javascript.jscomp.AliasExternals$PropertyGatherer" filename="com/google/javascript/jscomp/AliasExternals.java" line-rate="1.0" branch-rate="1.0" complexity="3.7777777777777777">
					<methods>
					</methods>
					<lines>
					</lines>
				</class>
				<class name="com.google.javascript.jscomp.AliasKeywords" filename="com/google/javascript/jscomp/AliasKeywords.java" line-rate="1.0" branch-rate="1.0" complexity="1.7">
					<methods>
					</methods>
					<lines>
					</lines>
				</class>
				<class name="com.google.javascript.jscomp.AliasKeywords$1" filename="com/google/javascript/jscomp/AliasKeywords.java" line-rate="1.0" branch-rate="1.0" complexity="1.7">
					<methods>
					</methods>
					<lines>
					</lines>
				</class>
				<class name="com.google.javascript.jscomp.AliasKeywords$AliasSpecification" filename="com/google/javascript/jscomp/AliasKeywords.java" line-rate="1.0" branch-rate="1.0" complexity="1.7">
					<methods>
					</methods>
					<lines>
					</lines>
				</class>
				<class name="com.google.javascript.jscomp.AliasKeywords$FindAliasableNodes" filename="com/google/javascript/jscomp/AliasKeywords.java" line-rate="1.0" branch-rate="1.0" complexity="1.7">
					<methods>
					</methods>
					<lines>
					</lines>
				</class>
				<class name="com.google.javascript.jscomp.AliasKeywords$KeywordAliasSpecification" filename="com/google/javascript/jscomp/AliasKeywords.java" line-rate="1.0" branch-rate="1.0" complexity="1.7">
					<methods>
					</methods>
					<lines>
					</lines>
				</class>
				<class name="com.google.javascript.jscomp.AliasKeywords$ThrowAliasSpecification" filename="com/google/javascript/jscomp/AliasKeywords.java" line-rate="1.0" branch-rate="1.0" complexity="1.7">
					<methods>
					</methods>
					<lines>
					</lines>
				</class>
				<class name="com.google.javascript.jscomp.AliasStrings" filename="com/google/javascript/jscomp/AliasStrings.java" line-rate="1.0" branch-rate="1.0" complexity="5.857142857142857">
					<methods>
					</methods>
					<lines>
					</lines>
				</class>
				<class name="com.google.javascript.jscomp.AliasStrings$StringInfo" filename="com/google/javascript/jscomp/AliasStrings.java" line-rate="1.0" branch-rate="1.0" complexity="5.857142857142857">
					<methods>
					</methods>
					<lines>
					</lines>
				</class>
				<class name="com.google.javascript.jscomp.AliasStrings$StringOccurrence" filename="com/google/javascript/jscomp/AliasStrings.java" line-rate="1.0" branch-rate="1.0" complexity="5.857142857142857">
					<methods>
					</methods>
					<lines>
					</lines>
				</class>
				<class name="com.google.javascript.jscomp.AmbiguateProperties" filename="com/google/javascript/jscomp/AmbiguateProperties.java" line-rate="1.0" branch-rate="1.0" complexity="3.1176470588235294">
					<methods>
					</methods>
					<lines>
					</lines>
				</class>
				<class name="com.google.javascript.jscomp.AmbiguateProperties$1" filename="com/google/javascript/jscomp/AmbiguateProperties.java" line-rate="1.0" branch-rate="1.0" complexity="3.1176470588235294">
					<methods>
					</methods>
					<lines>
					</lines>
				</class>
				<class name="com.google.javascript.jscomp.AmbiguateProperties$JSTypeBitSet" filename="com/google/javascript/jscomp/AmbiguateProperties.java" line-rate="1.0" branch-rate="1.0" complexity="3.1176470588235294">
					<methods>
					</methods>
					<lines>
					</lines>
				</class>
				<class name="com.google.javascript.jscomp.AmbiguateProperties$ProcessExterns" filename="com/google/javascript/jscomp/AmbiguateProperties.java" line-rate="1.0" branch-rate="1.0" complexity="3.1176470588235294">
					<methods>
					</methods>
					<lines>
					</lines>
				</class>
				<class name="com.google.javascript.jscomp.AmbiguateProperties$ProcessProperties" filename="com/google/javascript/jscomp/AmbiguateProperties.java" line-rate="1.0" branch-rate="1.0" complexity="3.1176470588235294">
					<methods>
					</methods>
					<lines>
					</lines>
				</class>
				<class name="com.google.javascript.jscomp.AmbiguateProperties$Property" filename="com/google/javascript/jscomp/AmbiguateProperties.java" line-rate="1.0" branch-rate="1.0" complexity="3.1176470588235294">
					<methods>
					</methods>
					<lines>
					</lines>
				</class>
				<class name="com.google.javascript.jscomp.AmbiguateProperties$PropertyGraph" filename="com/google/javascript/jscomp/AmbiguateProperties.java" line-rate="1.0" branch-rate="1.0" complexity="3.1176470588235294">
					<methods>
					</methods>
					<lines>
					</lines>
				</class>
				<class name="com.google.javascript.jscomp.AmbiguateProperties$PropertyGraphNode" filename="com/google/javascript/jscomp/AmbiguateProperties.java" line-rate="1.0" branch-rate="1.0" complexity="3.1176470588235294">
					<methods>
					</methods>
					<lines>
					</lines>
				</class>
				<class name="com.google.javascript.jscomp.AmbiguateProperties$PropertySubGraph" filename="com/google/javascript/jscomp/AmbiguateProperties.java" line-rate="1.0" branch-rate="1.0" complexity="3.1176470588235294">
					<methods>
					</methods>
					<lines>
					</lines>
				</class>
				<class name="com.google.javascript.jscomp.AnalyzeNameReferences" filename="com/google/javascript/jscomp/AnalyzeNameReferences.java" line-rate="1.0" branch-rate="1.0" complexity="2.25">
					<methods>
					</methods>
					<lines>
					</lines>
				</class>
				<class name="com.google.javascript.jscomp.AnalyzeNameReferences$1" filename="com/google/javascript/jscomp/AnalyzeNameReferences.java" line-rate="1.0" branch-rate="1.0" complexity="2.25">
					<methods>
					</methods>
					<lines>
					</lines>
				</class>
				<class name="com.google.javascript.jscomp.AnalyzeNameReferences$NameInfo" filename="com/google/javascript/jscomp/AnalyzeNameReferences.java" line-rate="1.0" branch-rate="1.0" complexity="2.25">
					<methods>
					</methods>
					<lines>
					</lines>
				</class>
				<class name="com.google.javascript.jscomp.AnalyzeNameReferences$PropagateReferences" filename="com/google/javascript/jscomp/AnalyzeNameReferences.java" line-rate="1.0" branch-rate="1.0" complexity="2.25">
					<methods>
					</methods>
					<lines>
					</lines>
				</class>
				<class name="com.google.javascript.jscomp.AnalyzePrototypeProperties" filename="com/google/javascript/jscomp/AnalyzePrototypeProperties.java" line-rate="1.0" branch-rate="1.0" complexity="2.6666666666666665">
					<methods>
					</methods>
					<lines>
					</lines>
				</class>
				<class name="com.google.javascript.jscomp.AnalyzePrototypeProperties$1" filename="com/google/javascript/jscomp/AnalyzePrototypeProperties.java" line-rate="1.0" branch-rate="1.0" complexity="2.6666666666666665">
					<methods>
					</methods>
					<lines>
					</lines>
				</class>
				<class name="com.google.javascript.jscomp.AnalyzePrototypeProperties$AssignmentProperty" filename="com/google/javascript/jscomp/AnalyzePrototypeProperties.java" line-rate="1.0" branch-rate="1.0" complexity="2.6666666666666665">
					<methods>
					</methods>
					<lines>
					</lines>
				</class>
				<class name="com.google.javascript.jscomp.AnalyzePrototypeProperties$GlobalFunction" filename="com/google/javascript/jscomp/AnalyzePrototypeProperties.java" line-rate="1.0" branch-rate="1.0" complexity="2.6666666666666665">
					<methods>
					</methods>
					<lines>
					</lines>
				</class>
				<class name="com.google.javascript.jscomp.AnalyzePrototypeProperties$LiteralProperty" filename="com/google/javascript/jscomp/AnalyzePrototypeProperties.java" line-rate="1.0" branch-rate="1.0" complexity="2.6666666666666665">
					<methods>
					</methods>
					<lines>
					</lines>
				</class>
				<class name="com.google.javascript.jscomp.AnalyzePrototypeProperties$NameContext" filename="com/google/javascript/jscomp/AnalyzePrototypeProperties.java" line-rate="1.0" branch-rate="1.0" complexity="2.6666666666666665">
					<methods>
					</methods>
					<lines>
					</lines>
				</class>
				<class name="com.google.javascript.jscomp.AnalyzePrototypeProperties$NameInfo" filename="com/google/javascript/jscomp/AnalyzePrototypeProperties.java" line-rate="1.0" branch-rate="1.0" complexity="2.6666666666666665">
					<methods>
					</methods>
					<lines>
					</lines>
				</class>
				<class name="com.google.javascript.jscomp.AnalyzePrototypeProperties$ProcessExternProperties" filename="com/google/javascript/jscomp/AnalyzePrototypeProperties.java" line-rate="1.0" branch-rate="1.0" complexity="2.6666666666666665">
					<methods>
					</methods>
					<lines>
					</lines>
				</class>
				<class name="com.google.javascript.jscomp.AnalyzePrototypeProperties$ProcessProperties" filename="com/google/javascript/jscomp/AnalyzePrototypeProperties.java" line-rate="1.0" branch-rate="1.0" complexity="2.6666666666666665">
					<methods>
					</methods>
					<lines>
					</lines>
				</class>
				<class name="com.google.javascript.jscomp.AnalyzePrototypeProperties$PropagateReferences" filename="com/google/javascript/jscomp/AnalyzePrototypeProperties.java" line-rate="1.0" branch-rate="1.0" complexity="2.6666666666666665">
					<methods>
					</methods>
					<lines>
					</lines>
				</class>
				<class name="com.google.javascript.jscomp.AnalyzePrototypeProperties$Property" filename="com/google/javascript/jscomp/AnalyzePrototypeProperties.java" line-rate="1.0" branch-rate="1.0" complexity="2.6666666666666665">
					<methods>
					</methods>
					<lines>
					</lines>
				</class>
				<class name="com.google.javascript.jscomp.AnalyzePrototypeProperties$Symbol" filename="com/google/javascript/jscomp/AnalyzePrototypeProperties.java" line-rate="1.0" branch-rate="1.0" complexity="2.6666666666666665">
					<methods>
					</methods>
					<lines>
					</lines>
				</class>
				<class name="com.google.javascript.jscomp.AnalyzePrototypeProperties$SymbolType" filename="com/google/javascript/jscomp/AnalyzePrototypeProperties.java" line-rate="1.0" branch-rate="1.0" complexity="2.6666666666666665">
					<methods>
					</methods>
					<lines>
					</lines>
				</class>
				<class name="com.google.javascript.jscomp.AnonymousFunctionNamingCallback" filename="com/google/javascript/jscomp/AnonymousFunctionNamingCallback.java" line-rate="1.0" branch-rate="1.0" complexity="2.8333333333333335">
					<methods>
					</methods>
					<lines>
					</lines>
				</class>
				<class name="com.google.javascript.jscomp.AnonymousFunctionNamingCallback$FunctionNamer" filename="com/google/javascript/jscomp/AnonymousFunctionNamingCallback.java" line-rate="1.0" branch-rate="1.0" complexity="2.8333333333333335">
					<methods>
					</methods>
					<lines>
					</lines>
				</class>
				<class name="com.google.javascript.jscomp.AnonymousFunctionNamingPolicy" filename="com/google/javascript/jscomp/AnonymousFunctionNamingPolicy.java" line-rate="1.0" branch-rate="1.0" complexity="1.0">
					<methods>
					</methods>
					<lines>
					</lines>
				</class>
				<class name="com.google.javascript.jscomp.AstChangeProxy" filename="com/google/javascript/jscomp/AstChangeProxy.java" line-rate="1.0" branch-rate="1.0" complexity="2.375">
					<methods>
					</methods>
					<lines>
					</lines>
				</class>
				<class name="com.google.javascript.jscomp.AstChangeProxy$ChangeListener" filename="com/google/javascript/jscomp/AstChangeProxy.java" line-rate="1.0" branch-rate="1.0" complexity="2.375">
					<methods>
					</methods>
					<lines>
					</lines>
				</class>
				<class name="com.google.javascript.jscomp.AstParallelizer" filename="com/google/javascript/jscomp/AstParallelizer.java" line-rate="1.0" branch-rate="1.0" complexity="1.4666666666666666">
					<methods>
					</methods>
					<lines>
					</lines>
				</class>
				<class name="com.google.javascript.jscomp.AstParallelizer$1" filename="com/google/javascript/jscomp/AstParallelizer.java" line-rate="1.0" branch-rate="1.0" complexity="1.4666666666666666">
					<methods>
					</methods>
					<lines>
					</lines>
				</class>
				<class name="com.google.javascript.jscomp.AstParallelizer$2" filename="com/google/javascript/jscomp/AstParallelizer.java" line-rate="1.0" branch-rate="1.0" complexity="1.4666666666666666">
					<methods>
					</methods>
					<lines>
					</lines>
				</class>
				<class name="com.google.javascript.jscomp.AstParallelizer$3" filename="com/google/javascript/jscomp/AstParallelizer.java" line-rate="1.0" branch-rate="1.0" complexity="1.4666666666666666">
					<methods>
					</methods>
					<lines>
					</lines>
				</class>
				<class name="com.google.javascript.jscomp.AstParallelizer$4" filename="com/google/javascript/jscomp/AstParallelizer.java" line-rate="1.0" branch-rate="1.0" complexity="1.4666666666666666">
					<methods>
					</methods>
					<lines>
					</lines>
				</class>
				<class name="com.google.javascript.jscomp.AstParallelizer$5" filename="com/google/javascript/jscomp/AstParallelizer.java" line-rate="1.0" branch-rate="1.0" complexity="1.4666666666666666">
					<methods>
					</methods>
					<lines>
					</lines>
				</class>
				<class name="com.google.javascript.jscomp.AstParallelizer$6" filename="com/google/javascript/jscomp/AstParallelizer.java" line-rate="1.0" branch-rate="1.0" complexity="1.4666666666666666">
					<methods>
					</methods>
					<lines>
					</lines>
				</class>
				<class name="com.google.javascript.jscomp.AstParallelizer$DettachPoint" filename="com/google/javascript/jscomp/AstParallelizer.java" line-rate="1.0" branch-rate="1.0" complexity="1.4666666666666666">
					<methods>
					</methods>
					<lines>
					</lines>
				</class>
				<class name="com.google.javascript.jscomp.BasicErrorManager" filename="com/google/javascript/jscomp/BasicErrorManager.java" line-rate="1.0" branch-rate="1.0" complexity="3.923076923076923">
					<methods>
					</methods>
					<lines>
					</lines>
				</class>
				<class name="com.google.javascript.jscomp.BasicErrorManager$ErrorWithLevel" filename="com/google/javascript/jscomp/BasicErrorManager.java" line-rate="1.0" branch-rate="1.0" complexity="3.923076923076923">
					<methods>
					</methods>
					<lines>
					</lines>
				</class>
				<class name="com.google.javascript.jscomp.BasicErrorManager$LeveledJSErrorComparator" filename="com/google/javascript/jscomp/BasicErrorManager.java" line-rate="1.0" branch-rate="1.0" complexity="3.923076923076923">
					<methods>
					</methods>
					<lines>
					</lines>
				</class>
				<class name="com.google.javascript.jscomp.ChainCalls" filename="com/google/javascript/jscomp/ChainCalls.java" line-rate="1.0" branch-rate="1.0" complexity="5.125">
					<methods>
					</methods>
					<lines>
					</lines>
				</class>
				<class name="com.google.javascript.jscomp.ChainCalls$1" filename="com/google/javascript/jscomp/ChainCalls.java" line-rate="1.0" branch-rate="1.0" complexity="5.125">
					<methods>
					</methods>
					<lines>
					</lines>
				</class>
				<class name="com.google.javascript.jscomp.ChainCalls$CallSite" filename="com/google/javascript/jscomp/ChainCalls.java" line-rate="1.0" branch-rate="1.0" complexity="5.125">
					<methods>
					</methods>
					<lines>
					</lines>
				</class>
				<class name="com.google.javascript.jscomp.ChainCalls$GatherCallSites" filename="com/google/javascript/jscomp/ChainCalls.java" line-rate="1.0" branch-rate="1.0" complexity="5.125">
					<methods>
					</methods>
					<lines>
					</lines>
				</class>
				<class name="com.google.javascript.jscomp.ChainCalls$GatherFunctions" filename="com/google/javascript/jscomp/ChainCalls.java" line-rate="1.0" branch-rate="1.0" complexity="5.125">
					<methods>
					</methods>
					<lines>
					</lines>
				</class>
				<class name="com.google.javascript.jscomp.ChainableReverseAbstractInterpreter" filename="com/google/javascript/jscomp/ChainableReverseAbstractInterpreter.java" line-rate="1.0" branch-rate="1.0" complexity="1.8472222222222223">
					<methods>
					</methods>
					<lines>
					</lines>
				</class>
				<class name="com.google.javascript.jscomp.ChainableReverseAbstractInterpreter$1" filename="com/google/javascript/jscomp/ChainableReverseAbstractInterpreter.java" line-rate="1.0" branch-rate="1.0" complexity="1.8472222222222223">
					<methods>
					</methods>
					<lines>
					</lines>
				</class>
				<class name="com.google.javascript.jscomp.ChainableReverseAbstractInterpreter$2" filename="com/google/javascript/jscomp/ChainableReverseAbstractInterpreter.java" line-rate="1.0" branch-rate="1.0" complexity="1.8472222222222223">
					<methods>
					</methods>
					<lines>
					</lines>
				</class>
				<class name="com.google.javascript.jscomp.ChainableReverseAbstractInterpreter$RestrictByFalseTypeOfResultVisitor" filename="com/google/javascript/jscomp/ChainableReverseAbstractInterpreter.java" line-rate="1.0" branch-rate="1.0" complexity="1.8472222222222223">
					<methods>
					</methods>
					<lines>
					</lines>
				</class>
				<class name="com.google.javascript.jscomp.ChainableReverseAbstractInterpreter$RestrictByOneTypeOfResultVisitor" filename="com/google/javascript/jscomp/ChainableReverseAbstractInterpreter.java" line-rate="1.0" branch-rate="1.0" complexity="1.8472222222222223">
					<methods>
					</methods>
					<lines>
					</lines>
				</class>
				<class name="com.google.javascript.jscomp.ChainableReverseAbstractInterpreter$RestrictByTrueTypeOfResultVisitor" filename="com/google/javascript/jscomp/ChainableReverseAbstractInterpreter.java" line-rate="1.0" branch-rate="1.0" complexity="1.8472222222222223">
					<methods>
					</methods>
					<lines>
					</lines>
				</class>
				<class name="com.google.javascript.jscomp.ChainableReverseAbstractInterpreter$RestrictByTypeOfResultVisitor" filename="com/google/javascript/jscomp/ChainableReverseAbstractInterpreter.java" line-rate="1.0" branch-rate="1.0" complexity="1.8472222222222223">
					<methods>
					</methods>
					<lines>
					</lines>
				</class>
				<class name="com.google.javascript.jscomp.CheckAccessControls" filename="com/google/javascript/jscomp/CheckAccessControls.java" line-rate="0.0" branch-rate="0.0" complexity="6.7">
					<methods>
					</methods>
					<lines>
						<line number="0" hits="0" branch="true" condition-coverage="0% (0/4)">
							<conditions>
								<condition number="0" type="switch" coverage="0%"/>
							</conditions>
						</line>
					</lines>
				</class>
				<class name="com.google.javascript.jscomp.CheckAccidentalSemicolon" filename="com/google/javascript/jscomp/CheckAccidentalSemicolon.java" line-rate="1.0" branch-rate="1.0" complexity="5.0">
					<methods>
					</methods>
					<lines>
					</lines>
				</class>
				<class name="com.google.javascript.jscomp.CheckGlobalNames" filename="com/google/javascript/jscomp/CheckGlobalNames.java" line-rate="1.0" branch-rate="1.0" complexity="3.75">
					<methods>
					</methods>
					<lines>
					</lines>
				</class>
				<class name="com.google.javascript.jscomp.CheckGlobalThis" filename="com/google/javascript/jscomp/CheckGlobalThis.java" line-rate="1.0" branch-rate="1.0" complexity="8.2">
					<methods>
					</methods>
					<lines>
					</lines>
				</class>
				<class name="com.google.javascript.jscomp.CheckLevel" filename="com/google/javascript/jscomp/CheckLevel.java" line-rate="1.0" branch-rate="1.0" complexity="1.0">
					<methods>
					</methods>
					<lines>
					</lines>
				</class>
				<class name="com.google.javascript.jscomp.CheckLevelLegacy" filename="com/google/javascript/jscomp/CheckLevelLegacy.java" line-rate="1.0" branch-rate="1.0" complexity="0.0">
					<methods>
					</methods>
					<lines>
					</lines>
				</class>
				<class name="com.google.javascript.jscomp.CheckMissingGetCssName" filename="com/google/javascript/jscomp/CheckMissingGetCssName.java" line-rate="1.0" branch-rate="1.0" complexity="3.857142857142857">
					<methods>
					</methods>
					<lines>
					</lines>
				</class>
				<class name="com.google.javascript.jscomp.CheckMissingReturn" filename="com/google/javascript/jscomp/CheckMissingReturn.java" line-rate="1.0" branch-rate="1.0" complexity="3.1818181818181817">
					<methods>
					</methods>
					<lines>
					</lines>
				</class>
				<class name="com.google.javascript.jscomp.CheckMissingReturn$1" filename="com/google/javascript/jscomp/CheckMissingReturn.java" line-rate="1.0" branch-rate="1.0" complexity="3.1818181818181817">
					<methods>
					</methods>
					<lines>
					</lines>
				</class>
				<class name="com.google.javascript.jscomp.CheckMissingReturn$2" filename="com/google/javascript/jscomp/CheckMissingReturn.java" line-rate="1.0" branch-rate="1.0" complexity="3.1818181818181817">
					<methods>
					</methods>
					<lines>
					</lines>
				</class>
				<class name="com.google.javascript.jscomp.CheckPathsBetweenNodes" filename="com/google/javascript/jscomp/CheckPathsBetweenNodes.java" line-rate="1.0" branch-rate="1.0" complexity="3.8">
					<methods>
					</methods>
					<lines>
					</lines>
				</class>
				<class name="com.google.javascript.jscomp.CheckPathsBetweenNodes$1" filename="com/google/javascript/jscomp/CheckPathsBetweenNodes.java" line-rate="1.0" branch-rate="1.0" complexity="3.8">
					<methods>
					</methods>
					<lines>
					</lines>
				</class>
				<class name="com.google.javascript.jscomp.CheckPathsBetweenNodes$2" filename="com/google/javascript/jscomp/CheckPathsBetweenNodes.java" line-rate="1.0" branch-rate="1.0" complexity="3.8">
					<methods>
					</methods>
					<lines>
					</lines>
				</class>
				<class name="com.google.javascript.jscomp.CheckPathsBetweenNodes$3" filename="com/google/javascript/jscomp/CheckPathsBetweenNodes.java" line-rate="1.0" branch-rate="1.0" complexity="3.8">
					<methods>
					</methods>
					<lines>
					</lines>
				</class>
				<class name="com.google.javascript.jscomp.CheckProvides" filename="com/google/javascript/jscomp/CheckProvides.java" line-rate="1.0" branch-rate="1.0" complexity="3.3333333333333335">
					<methods>
					</methods>
					<lines>
					</lines>
				</class>
				<class name="com.google.javascript.jscomp.CheckProvides$CheckProvidesCallback" filename="com/google/javascript/jscomp/CheckProvides.java" line-rate="1.0" branch-rate="1.0" complexity="3.3333333333333335">
					<methods>
					</methods>
					<lines>
					</lines>
				</class>
				<class name="com.google.javascript.jscomp.CheckRegExp" filename="com/google/javascript/jscomp/CheckRegExp.java" line-rate="1.0" branch-rate="1.0" complexity="3.25">
					<methods>
					</methods>
					<lines>
					</lines>
				</class>
				<class name="com.google.javascript.jscomp.CheckRequiresForConstructors" filename="com/google/javascript/jscomp/CheckRequiresForConstructors.java" line-rate="1.0" branch-rate="1.0" complexity="6.0">
					<methods>
					</methods>
					<lines>
					</lines>
				</class>
				<class name="com.google.javascript.jscomp.CheckRequiresForConstructors$1" filename="com/google/javascript/jscomp/CheckRequiresForConstructors.java" line-rate="1.0" branch-rate="1.0" complexity="6.0">
					<methods>
					</methods>
					<lines>
					</lines>
				</class>
				<class name="com.google.javascript.jscomp.CheckRequiresForConstructors$CheckRequiresForConstructorsCallback" filename="com/google/javascript/jscomp/CheckRequiresForConstructors.java" line-rate="1.0" branch-rate="1.0" complexity="6.0">
					<methods>
					</methods>
					<lines>
					</lines>
				</class>
				<class name="com.google.javascript.jscomp.CheckSideEffects" filename="com/google/javascript/jscomp/CheckSideEffects.java" line-rate="1.0" branch-rate="1.0" complexity="18.0">
					<methods>
					</methods>
					<lines>
					</lines>
				</class>
				<class name="com.google.javascript.jscomp.CheckUnreachableCode" filename="com/google/javascript/jscomp/CheckUnreachableCode.java" line-rate="1.0" branch-rate="1.0" complexity="2.8333333333333335">
					<methods>
					</methods>
					<lines>
					</lines>
				</class>
				<class name="com.google.javascript.jscomp.CheckUnreachableCode$1" filename="com/google/javascript/jscomp/CheckUnreachableCode.java" line-rate="1.0" branch-rate="1.0" complexity="2.8333333333333335">
					<methods>
					</methods>
					<lines>
					</lines>
				</class>
				<class name="com.google.javascript.jscomp.CheckUnreachableCode$ReachablePredicate" filename="com/google/javascript/jscomp/CheckUnreachableCode.java" line-rate="1.0" branch-rate="1.0" complexity="2.8333333333333335">
					<methods>
					</methods>
					<lines>
					</lines>
				</class>
				<class name="com.google.javascript.jscomp.ClosureCodingConvention" filename="com/google/javascript/jscomp/ClosureCodingConvention.java" line-rate="1.0" branch-rate="1.0" complexity="3.1818181818181817">
					<methods>
					</methods>
					<lines>
					</lines>
				</class>
				<class name="com.google.javascript.jscomp.ClosureReverseAbstractInterpreter" filename="com/google/javascript/jscomp/ClosureReverseAbstractInterpreter.java" line-rate="1.0" branch-rate="1.0" complexity="2.2857142857142856">
					<methods>
					</methods>
					<lines>
					</lines>
				</class>
				<class name="com.google.javascript.jscomp.ClosureReverseAbstractInterpreter$1" filename="com/google/javascript/jscomp/ClosureReverseAbstractInterpreter.java" line-rate="1.0" branch-rate="1.0" complexity="2.2857142857142856">
					<methods>
					</methods>
					<lines>
					</lines>
				</class>
				<class name="com.google.javascript.jscomp.ClosureReverseAbstractInterpreter$10" filename="com/google/javascript/jscomp/ClosureReverseAbstractInterpreter.java" line-rate="1.0" branch-rate="1.0" complexity="2.2857142857142856">
					<methods>
					</methods>
					<lines>
					</lines>
				</class>
				<class name="com.google.javascript.jscomp.ClosureReverseAbstractInterpreter$11" filename="com/google/javascript/jscomp/ClosureReverseAbstractInterpreter.java" line-rate="1.0" branch-rate="1.0" complexity="2.2857142857142856">
					<methods>
					</methods>
					<lines>
					</lines>
				</class>
				<class name="com.google.javascript.jscomp.ClosureReverseAbstractInterpreter$12" filename="com/google/javascript/jscomp/ClosureReverseAbstractInterpreter.java" line-rate="1.0" branch-rate="1.0" complexity="2.2857142857142856">
					<methods>
					</methods>
					<lines>
					</lines>
				</class>
				<class name="com.google.javascript.jscomp.ClosureReverseAbstractInterpreter$13" filename="com/google/javascript/jscomp/ClosureReverseAbstractInterpreter.java" line-rate="1.0" branch-rate="1.0" complexity="2.2857142857142856">
					<methods>
					</methods>
					<lines>
					</lines>
				</class>
				<class name="com.google.javascript.jscomp.ClosureReverseAbstractInterpreter$2" filename="com/google/javascript/jscomp/ClosureReverseAbstractInterpreter.java" line-rate="1.0" branch-rate="1.0" complexity="2.2857142857142856">
					<methods>
					</methods>
					<lines>
					</lines>
				</class>
				<class name="com.google.javascript.jscomp.ClosureReverseAbstractInterpreter$3" filename="com/google/javascript/jscomp/ClosureReverseAbstractInterpreter.java" line-rate="1.0" branch-rate="1.0" complexity="2.2857142857142856">
					<methods>
					</methods>
					<lines>
					</lines>
				</class>
				<class name="com.google.javascript.jscomp.ClosureReverseAbstractInterpreter$4" filename="com/google/javascript/jscomp/ClosureReverseAbstractInterpreter.java" line-rate="1.0" branch-rate="1.0" complexity="2.2857142857142856">
					<methods>
					</methods>
					<lines>
					</lines>
				</class>
				<class name="com.google.javascript.jscomp.ClosureReverseAbstractInterpreter$5" filename="com/google/javascript/jscomp/ClosureReverseAbstractInterpreter.java" line-rate="1.0" branch-rate="1.0" complexity="2.2857142857142856">
					<methods>
					</methods>
					<lines>
					</lines>
				</class>
				<class name="com.google.javascript.jscomp.ClosureReverseAbstractInterpreter$6" filename="com/google/javascript/jscomp/ClosureReverseAbstractInterpreter.java" line-rate="1.0" branch-rate="1.0" complexity="2.2857142857142856">
					<methods>
					</methods>
					<lines>
					</lines>
				</class>
				<class name="com.google.javascript.jscomp.ClosureReverseAbstractInterpreter$7" filename="com/google/javascript/jscomp/ClosureReverseAbstractInterpreter.java" line-rate="1.0" branch-rate="1.0" complexity="2.2857142857142856">
					<methods>
					</methods>
					<lines>
					</lines>
				</class>
				<class name="com.google.javascript.jscomp.ClosureReverseAbstractInterpreter$8" filename="com/google/javascript/jscomp/ClosureReverseAbstractInterpreter.java" line-rate="1.0" branch-rate="1.0" complexity="2.2857142857142856">
					<methods>
					</methods>
					<lines>
					</lines>
				</class>
				<class name="com.google.javascript.jscomp.ClosureReverseAbstractInterpreter$9" filename="com/google/javascript/jscomp/ClosureReverseAbstractInterpreter.java" line-rate="1.0" branch-rate="1.0" complexity="2.2857142857142856">
					<methods>
					</methods>
					<lines>
					</lines>
				</class>
				<class name="com.google.javascript.jscomp.ClosureReverseAbstractInterpreter$TypeRestriction" filename="com/google/javascript/jscomp/ClosureReverseAbstractInterpreter.java" line-rate="1.0" branch-rate="1.0" complexity="2.2857142857142856">
					<methods>
					</methods>
					<lines>
					</lines>
				</class>
				<class name="com.google.javascript.jscomp.CoalesceVariableNames" filename="com/google/javascript/jscomp/CoalesceVariableNames.java" line-rate="1.0" branch-rate="1.0" complexity="4.428571428571429">
					<methods>
					</methods>
					<lines>
					</lines>
				</class>
				<class name="com.google.javascript.jscomp.CoalesceVariableNames$1" filename="com/google/javascript/jscomp/CoalesceVariableNames.java" line-rate="1.0" branch-rate="1.0" complexity="4.428571428571429">
					<methods>
					</methods>
					<lines>
					</lines>
				</class>
				<class name="com.google.javascript.jscomp.CoalesceVariableNames$CombinedCfgNodeLiveRangeChecker" filename="com/google/javascript/jscomp/CoalesceVariableNames.java" line-rate="1.0" branch-rate="1.0" complexity="4.428571428571429">
					<methods>
					</methods>
					<lines>
					</lines>
				</class>
				<class name="com.google.javascript.jscomp.CoalesceVariableNames$CombinedLiveRangeChecker" filename="com/google/javascript/jscomp/CoalesceVariableNames.java" line-rate="1.0" branch-rate="1.0" complexity="4.428571428571429">
					<methods>
					</methods>
					<lines>
					</lines>
				</class>
				<class name="com.google.javascript.jscomp.CoalesceVariableNames$LiveRangeChecker" filename="com/google/javascript/jscomp/CoalesceVariableNames.java" line-rate="1.0" branch-rate="1.0" complexity="4.428571428571429">
					<methods>
					</methods>
					<lines>
					</lines>
				</class>
				<class name="com.google.javascript.jscomp.CodeChangeHandler" filename="com/google/javascript/jscomp/CodeChangeHandler.java" line-rate="1.0" branch-rate="1.0" complexity="1.2">
					<methods>
					</methods>
					<lines>
					</lines>
				</class>
				<class name="com.google.javascript.jscomp.CodeChangeHandler$ForbiddenChange" filename="com/google/javascript/jscomp/CodeChangeHandler.java" line-rate="1.0" branch-rate="1.0" complexity="1.2">
					<methods>
					</methods>
					<lines>
					</lines>
				</class>
				<class name="com.google.javascript.jscomp.CodeChangeHandler$RecentChange" filename="com/google/javascript/jscomp/CodeChangeHandler.java" line-rate="1.0" branch-rate="1.0" complexity="1.2">
					<methods>
					</methods>
					<lines>
					</lines>
				</class>
				<class name="com.google.javascript.jscomp.CodeConsumer" filename="com/google/javascript/jscomp/CodeConsumer.java" line-rate="1.0" branch-rate="1.0" complexity="1.7714285714285714">
					<methods>
					</methods>
					<lines>
					</lines>
				</class>
				<class name="com.google.javascript.jscomp.CodeGenerator" filename="com/google/javascript/jscomp/CodeGenerator.java" line-rate="0.0" branch-rate="0.14285714285714285" complexity="7.666666666666667">
					<methods>
					</methods>
					<lines>
						<line number="0" hits="0" branch="true" condition-coverage="14% (8/56)">
							<conditions>
								<condition number="0" type="switch" coverage="18%"/>
								<condition number="1" type="switch" coverage="0%"/>
								<condition number="2" type="switch" coverage="0%"/>
							</conditions>
						</line>
					</lines>
				</class>
				<class name="com.google.javascript.jscomp.CodeGenerator$Context" filename="com/google/javascript/jscomp/CodeGenerator.java" line-rate="1.0" branch-rate="1.0" complexity="7.666666666666667">
					<methods>
					</methods>
					<lines>
					</lines>
				</class>
				<class name="com.google.javascript.jscomp.CodePrinter" filename="com/google/javascript/jscomp/CodePrinter.java" line-rate="1.0" branch-rate="1.0" complexity="2.1041666666666665">
					<methods>
					</methods>
					<lines>
					</lines>
				</class>
				<class name="com.google.javascript.jscomp.CodePrinter$1" filename="com/google/javascript/jscomp/CodePrinter.java" line-rate="1.0" branch-rate="1.0" complexity="2.1041666666666665">
					<methods>
					</methods>
					<lines>
					</lines>
				</class>
				<class name="com.google.javascript.jscomp.CodePrinter$Builder" filename="com/google/javascript/jscomp/CodePrinter.java" line-rate="1.0" branch-rate="1.0" complexity="2.1041666666666665">
					<methods>
					</methods>
					<lines>
					</lines>
				</class>
				<class name="com.google.javascript.jscomp.CodePrinter$CompactCodePrinter" filename="com/google/javascript/jscomp/CodePrinter.java" line-rate="1.0" branch-rate="1.0" complexity="2.1041666666666665">
					<methods>
					</methods>
					<lines>
					</lines>
				</class>
				<class name="com.google.javascript.jscomp.CodePrinter$Format" filename="com/google/javascript/jscomp/CodePrinter.java" line-rate="1.0" branch-rate="1.0" complexity="2.1041666666666665">
					<methods>
					</methods>
					<lines>
					</lines>
				</class>
				<class name="com.google.javascript.jscomp.CodePrinter$HasGetCode" filename="com/google/javascript/jscomp/CodePrinter.java" line-rate="1.0" branch-rate="1.0" complexity="2.1041666666666665">
					<methods>
					</methods>
					<lines>
					</lines>
				</class>
				<class name="com.google.javascript.jscomp.CodePrinter$MappedCodePrinter" filename="com/google/javascript/jscomp/CodePrinter.java" line-rate="1.0" branch-rate="1.0" complexity="2.1041666666666665">
					<methods>
					</methods>
					<lines>
					</lines>
				</class>
				<class name="com.google.javascript.jscomp.CodePrinter$MappedCodePrinter$Mapping" filename="com/google/javascript/jscomp/CodePrinter.java" line-rate="1.0" branch-rate="1.0" complexity="2.1041666666666665">
					<methods>
					</methods>
					<lines>
					</lines>
				</class>
				<class name="com.google.javascript.jscomp.CodePrinter$PrettyCodePrinter" filename="com/google/javascript/jscomp/CodePrinter.java" line-rate="1.0" branch-rate="1.0" complexity="2.1041666666666665">
					<methods>
					</methods>
					<lines>
					</lines>
				</class>
				<class name="com.google.javascript.jscomp.CodingConvention" filename="com/google/javascript/jscomp/CodingConvention.java" line-rate="1.0" branch-rate="1.0" complexity="1.0">
					<methods>
					</methods>
					<lines>
					</lines>
				</class>
				<class name="com.google.javascript.jscomp.CodingConvention$AssertionFunctionSpec" filename="com/google/javascript/jscomp/CodingConvention.java" line-rate="1.0" branch-rate="1.0" complexity="1.0">
					<methods>
					</methods>
					<lines>
					</lines>
				</class>
				<class name="com.google.javascript.jscomp.CodingConvention$DelegateRelationship" filename="com/google/javascript/jscomp/CodingConvention.java" line-rate="1.0" branch-rate="1.0" complexity="1.0">
					<methods>
					</methods>
					<lines>
					</lines>
				</class>
				<class name="com.google.javascript.jscomp.CodingConvention$ObjectLiteralCast" filename="com/google/javascript/jscomp/CodingConvention.java" line-rate="1.0" branch-rate="1.0" complexity="1.0">
					<methods>
					</methods>
					<lines>
					</lines>
				</class>
				<class name="com.google.javascript.jscomp.CodingConvention$SubclassRelationship" filename="com/google/javascript/jscomp/CodingConvention.java" line-rate="1.0" branch-rate="1.0" complexity="1.0">
					<methods>
					</methods>
					<lines>
					</lines>
				</class>
				<class name="com.google.javascript.jscomp.CodingConvention$SubclassType" filename="com/google/javascript/jscomp/CodingConvention.java" line-rate="1.0" branch-rate="1.0" complexity="1.0">
					<methods>
					</methods>
					<lines>
					</lines>
				</class>
				<class name="com.google.javascript.jscomp.CollapseAnonymousFunctions" filename="com/google/javascript/jscomp/CollapseAnonymousFunctions.java" line-rate="1.0" branch-rate="1.0" complexity="4.6">
					<methods>
					</methods>
					<lines>
					</lines>
				</class>
				<class name="com.google.javascript.jscomp.CollapseAnonymousFunctions$1" filename="com/google/javascript/jscomp/CollapseAnonymousFunctions.java" line-rate="1.0" branch-rate="1.0" complexity="4.6">
					<methods>
					</methods>
					<lines>
					</lines>
				</class>
				<class name="com.google.javascript.jscomp.CollapseAnonymousFunctions$Callback" filename="com/google/javascript/jscomp/CollapseAnonymousFunctions.java" line-rate="1.0" branch-rate="1.0" complexity="4.6">
					<methods>
					</methods>
					<lines>
					</lines>
				</class>
				<class name="com.google.javascript.jscomp.CollapseProperties" filename="com/google/javascript/jscomp/CollapseProperties.java" line-rate="1.0" branch-rate="1.0" complexity="5.434782608695652">
					<methods>
					</methods>
					<lines>
					</lines>
				</class>
				<class name="com.google.javascript.jscomp.CollapseProperties$1" filename="com/google/javascript/jscomp/CollapseProperties.java" line-rate="1.0" branch-rate="1.0" complexity="5.434782608695652">
					<methods>
					</methods>
					<lines>
					</lines>
				</class>
				<class name="com.google.javascript.jscomp.CollapseVariableDeclarations" filename="com/google/javascript/jscomp/CollapseVariableDeclarations.java" line-rate="1.0" branch-rate="1.0" complexity="8.272727272727273">
					<methods>
					</methods>
					<lines>
					</lines>
				</class>
				<class name="com.google.javascript.jscomp.CollapseVariableDeclarations$1" filename="com/google/javascript/jscomp/CollapseVariableDeclarations.java" line-rate="1.0" branch-rate="1.0" complexity="8.272727272727273">
					<methods>
					</methods>
					<lines>
					</lines>
				</class>
				<class name="com.google.javascript.jscomp.CollapseVariableDeclarations$Collapse" filename="com/google/javascript/jscomp/CollapseVariableDeclarations.java" line-rate="1.0" branch-rate="1.0" complexity="8.272727272727273">
					<methods>
					</methods>
					<lines>
					</lines>
				</class>
				<class name="com.google.javascript.jscomp.CollapseVariableDeclarations$ExploitAssigns" filename="com/google/javascript/jscomp/CollapseVariableDeclarations.java" line-rate="1.0" branch-rate="1.0" complexity="8.272727272727273">
					<methods>
					</methods>
					<lines>
					</lines>
				</class>
				<class name="com.google.javascript.jscomp.CollapseVariableDeclarations$GatherCollapses" filename="com/google/javascript/jscomp/CollapseVariableDeclarations.java" line-rate="1.0" branch-rate="1.0" complexity="8.272727272727273">
					<methods>
					</methods>
					<lines>
					</lines>
				</class>
				<class name="com.google.javascript.jscomp.CombinedCompilerPass" filename="com/google/javascript/jscomp/CombinedCompilerPass.java" line-rate="1.0" branch-rate="1.0" complexity="2.1666666666666665">
					<methods>
					</methods>
					<lines>
					</lines>
				</class>
				<class name="com.google.javascript.jscomp.CombinedCompilerPass$1" filename="com/google/javascript/jscomp/CombinedCompilerPass.java" line-rate="1.0" branch-rate="1.0" complexity="2.1666666666666665">
					<methods>
					</methods>
					<lines>
					</lines>
				</class>
				<class name="com.google.javascript.jscomp.CombinedCompilerPass$CallbackWrapper" filename="com/google/javascript/jscomp/CombinedCompilerPass.java" line-rate="1.0" branch-rate="1.0" complexity="2.1666666666666665">
					<methods>
					</methods>
					<lines>
					</lines>
				</class>
				<class name="com.google.javascript.jscomp.CommandLineRunner" filename="com/google/javascript/jscomp/CommandLineRunner.java" line-rate="1.0" branch-rate="1.0" complexity="2.6923076923076925">
					<methods>
					</methods>
					<lines>
					</lines>
				</class>
				<class name="com.google.javascript.jscomp.CommandLineRunner$1" filename="com/google/javascript/jscomp/CommandLineRunner.java" line-rate="1.0" branch-rate="1.0" complexity="2.6923076923076925">
					<methods>
					</methods>
					<lines>
					</lines>
				</class>
				<class name="com.google.javascript.jscomp.CommandLineRunner$Flags" filename="com/google/javascript/jscomp/CommandLineRunner.java" line-rate="1.0" branch-rate="1.0" complexity="2.6923076923076925">
					<methods>
					</methods>
					<lines>
					</lines>
				</class>
				<class name="com.google.javascript.jscomp.CommandLineRunner$Flags$BooleanOptionHandler" filename="com/google/javascript/jscomp/CommandLineRunner.java" line-rate="1.0" branch-rate="1.0" complexity="2.6923076923076925">
					<methods>
					</methods>
					<lines>
					</lines>
				</class>
				<class name="com.google.javascript.jscomp.CommandLineRunner$FormattingOption" filename="com/google/javascript/jscomp/CommandLineRunner.java" line-rate="1.0" branch-rate="1.0" complexity="2.6923076923076925">
					<methods>
					</methods>
					<lines>
					</lines>
				</class>
				<class name="com.google.javascript.jscomp.CompilationLevel" filename="com/google/javascript/jscomp/CompilationLevel.java" line-rate="1.0" branch-rate="1.0" complexity="1.6666666666666667">
					<methods>
					</methods>
					<lines>
					</lines>
				</class>
				<class name="com.google.javascript.jscomp.CompilationLevel$1" filename="com/google/javascript/jscomp/CompilationLevel.java" line-rate="1.0" branch-rate="1.0" complexity="1.6666666666666667">
					<methods>
					</methods>
					<lines>
					</lines>
				</class>
				<class name="com.google.javascript.jscomp.Compiler" filename="com/google/javascript/jscomp/Compiler.java" line-rate="1.0" branch-rate="1.0" complexity="2.1785714285714284">
					<methods>
					</methods>
					<lines>
					</lines>
				</class>
				<class name="com.google.javascript.jscomp.Compiler$1" filename="com/google/javascript/jscomp/Compiler.java" line-rate="1.0" branch-rate="1.0" complexity="2.1785714285714284">
					<methods>
					</methods>
					<lines>
					</lines>
				</class>
				<class name="com.google.javascript.jscomp.Compiler$2" filename="com/google/javascript/jscomp/Compiler.java" line-rate="1.0" branch-rate="1.0" complexity="2.1785714285714284">
					<methods>
					</methods>
					<lines>
					</lines>
				</class>
				<class name="com.google.javascript.jscomp.Compiler$3" filename="com/google/javascript/jscomp/Compiler.java" line-rate="1.0" branch-rate="1.0" complexity="2.1785714285714284">
					<methods>
					</methods>
					<lines>
					</lines>
				</class>
				<class name="com.google.javascript.jscomp.Compiler$4" filename="com/google/javascript/jscomp/Compiler.java" line-rate="1.0" branch-rate="1.0" complexity="2.1785714285714284">
					<methods>
					</methods>
					<lines>
					</lines>
				</class>
				<class name="com.google.javascript.jscomp.Compiler$5" filename="com/google/javascript/jscomp/Compiler.java" line-rate="1.0" branch-rate="1.0" complexity="2.1785714285714284">
					<methods>
					</methods>
					<lines>
					</lines>
				</class>
				<class name="com.google.javascript.jscomp.Compiler$6" filename="com/google/javascript/jscomp/Compiler.java" line-rate="1.0" branch-rate="1.0" complexity="2.1785714285714284">
					<methods>
					</methods>
					<lines>
					</lines>
				</class>
				<class name="com.google.javascript.jscomp.Compiler$7" filename="com/google/javascript/jscomp/Compiler.java" line-rate="1.0" branch-rate="1.0" complexity="2.1785714285714284">
					<methods>
					</methods>
					<lines>
					</lines>
				</class>
				<class name="com.google.javascript.jscomp.Compiler$8" filename="com/google/javascript/jscomp/Compiler.java" line-rate="1.0" branch-rate="1.0" complexity="2.1785714285714284">
					<methods>
					</methods>
					<lines>
					</lines>
				</class>
				<class name="com.google.javascript.jscomp.Compiler$9" filename="com/google/javascript/jscomp/Compiler.java" line-rate="1.0" branch-rate="1.0" complexity="2.1785714285714284">
					<methods>
					</methods>
					<lines>
					</lines>
				</class>
				<class name="com.google.javascript.jscomp.Compiler$CodeBuilder" filename="com/google/javascript/jscomp/Compiler.java" line-rate="1.0" branch-rate="1.0" complexity="2.1785714285714284">
					<methods>
					</methods>
					<lines>
					</lines>
				</class>
				<class name="com.google.javascript.jscomp.Compiler$IntermediateState" filename="com/google/javascript/jscomp/Compiler.java" line-rate="1.0" branch-rate="1.0" complexity="2.1785714285714284">
					<methods>
					</methods>
					<lines>
					</lines>
				</class>
				<class name="com.google.javascript.jscomp.CompilerInput" filename="com/google/javascript/jscomp/CompilerInput.java" line-rate="1.0" branch-rate="1.0" complexity="1.7692307692307692">
					<methods>
					</methods>
					<lines>
					</lines>
				</class>
				<class name="com.google.javascript.jscomp.CompilerInput$1" filename="com/google/javascript/jscomp/CompilerInput.java" line-rate="1.0" branch-rate="1.0" complexity="1.7692307692307692">
					<methods>
					</methods>
					<lines>
					</lines>
				</class>
				<class name="com.google.javascript.jscomp.CompilerInput$DepsFinder" filename="com/google/javascript/jscomp/CompilerInput.java" line-rate="1.0" branch-rate="1.0" complexity="1.7692307692307692">
					<methods>
					</methods>
					<lines>
					</lines>
				</class>
				<class name="com.google.javascript.jscomp.CompilerOptions" filename="com/google/javascript/jscomp/CompilerOptions.java" line-rate="1.0" branch-rate="1.0" complexity="1.2352941176470589">
					<methods>
					</methods>
					<lines>
					</lines>
				</class>
				<class name="com.google.javascript.jscomp.CompilerOptions$DevMode" filename="com/google/javascript/jscomp/CompilerOptions.java" line-rate="1.0" branch-rate="1.0" complexity="1.2352941176470589">
					<methods>
					</methods>
					<lines>
					</lines>
				</class>
				<class name="com.google.javascript.jscomp.CompilerOptions$TracerMode" filename="com/google/javascript/jscomp/CompilerOptions.java" line-rate="1.0" branch-rate="1.0" complexity="1.2352941176470589">
					<methods>
					</methods>
					<lines>
					</lines>
				</class>
				<class name="com.google.javascript.jscomp.CompilerPass" filename="com/google/javascript/jscomp/CompilerPass.java" line-rate="1.0" branch-rate="1.0" complexity="1.0">
					<methods>
					</methods>
					<lines>
					</lines>
				</class>
				<class name="com.google.javascript.jscomp.ComposeWarningsGuard" filename="com/google/javascript/jscomp/ComposeWarningsGuard.java" line-rate="1.0" branch-rate="1.0" complexity="2.6666666666666665">
					<methods>
					</methods>
					<lines>
					</lines>
				</class>
				<class name="com.google.javascript.jscomp.ComposeWarningsGuard$1" filename="com/google/javascript/jscomp/ComposeWarningsGuard.java" line-rate="1.0" branch-rate="1.0" complexity="2.6666666666666665">
					<methods>
					</methods>
					<lines>
					</lines>
				</class>
				<class name="com.google.javascript.jscomp.ConcreteType" filename="com/google/javascript/jscomp/ConcreteType.java" line-rate="1.0" branch-rate="1.0" complexity="1.9764705882352942">
					<methods>
					</methods>
					<lines>
					</lines>
				</class>
				<class name="com.google.javascript.jscomp.ConcreteType$1" filename="com/google/javascript/jscomp/ConcreteType.java" line-rate="1.0" branch-rate="1.0" complexity="1.9764705882352942">
					<methods>
					</methods>
					<lines>
					</lines>
				</class>
				<class name="com.google.javascript.jscomp.ConcreteType$2" filename="com/google/javascript/jscomp/ConcreteType.java" line-rate="1.0" branch-rate="1.0" complexity="1.9764705882352942">
					<methods>
					</methods>
					<lines>
					</lines>
				</class>
				<class name="com.google.javascript.jscomp.ConcreteType$3" filename="com/google/javascript/jscomp/ConcreteType.java" line-rate="1.0" branch-rate="1.0" complexity="1.9764705882352942">
					<methods>
					</methods>
					<lines>
					</lines>
				</class>
				<class name="com.google.javascript.jscomp.ConcreteType$4" filename="com/google/javascript/jscomp/ConcreteType.java" line-rate="1.0" branch-rate="1.0" complexity="1.9764705882352942">
					<methods>
					</methods>
					<lines>
					</lines>
				</class>
				<class name="com.google.javascript.jscomp.ConcreteType$5" filename="com/google/javascript/jscomp/ConcreteType.java" line-rate="1.0" branch-rate="1.0" complexity="1.9764705882352942">
					<methods>
					</methods>
					<lines>
					</lines>
				</class>
				<class name="com.google.javascript.jscomp.ConcreteType$6" filename="com/google/javascript/jscomp/ConcreteType.java" line-rate="1.0" branch-rate="1.0" complexity="1.9764705882352942">
					<methods>
					</methods>
					<lines>
					</lines>
				</class>
				<class name="com.google.javascript.jscomp.ConcreteType$7" filename="com/google/javascript/jscomp/ConcreteType.java" line-rate="1.0" branch-rate="1.0" complexity="1.9764705882352942">
					<methods>
					</methods>
					<lines>
					</lines>
				</class>
				<class name="com.google.javascript.jscomp.ConcreteType$ConcreteAll" filename="com/google/javascript/jscomp/ConcreteType.java" line-rate="1.0" branch-rate="1.0" complexity="1.9764705882352942">
					<methods>
					</methods>
					<lines>
					</lines>
				</class>
				<class name="com.google.javascript.jscomp.ConcreteType$ConcreteFunctionType" filename="com/google/javascript/jscomp/ConcreteType.java" line-rate="1.0" branch-rate="1.0" complexity="1.9764705882352942">
					<methods>
					</methods>
					<lines>
					</lines>
				</class>
				<class name="com.google.javascript.jscomp.ConcreteType$ConcreteInstanceType" filename="com/google/javascript/jscomp/ConcreteType.java" line-rate="1.0" branch-rate="1.0" complexity="1.9764705882352942">
					<methods>
					</methods>
					<lines>
					</lines>
				</class>
				<class name="com.google.javascript.jscomp.ConcreteType$ConcreteNoneType" filename="com/google/javascript/jscomp/ConcreteType.java" line-rate="1.0" branch-rate="1.0" complexity="1.9764705882352942">
					<methods>
					</methods>
					<lines>
					</lines>
				</class>
				<class name="com.google.javascript.jscomp.ConcreteType$ConcreteUnionType" filename="com/google/javascript/jscomp/ConcreteType.java" line-rate="1.0" branch-rate="1.0" complexity="1.9764705882352942">
					<methods>
					</methods>
					<lines>
					</lines>
				</class>
				<class name="com.google.javascript.jscomp.ConcreteType$ConcreteUniqueType" filename="com/google/javascript/jscomp/ConcreteType.java" line-rate="1.0" branch-rate="1.0" complexity="1.9764705882352942">
					<methods>
					</methods>
					<lines>
					</lines>
				</class>
				<class name="com.google.javascript.jscomp.ConcreteType$Factory" filename="com/google/javascript/jscomp/ConcreteType.java" line-rate="1.0" branch-rate="1.0" complexity="1.9764705882352942">
					<methods>
					</methods>
					<lines>
					</lines>
				</class>
				<class name="com.google.javascript.jscomp.ConcreteType$TypeFilter" filename="com/google/javascript/jscomp/ConcreteType.java" line-rate="1.0" branch-rate="1.0" complexity="1.9764705882352942">
					<methods>
					</methods>
					<lines>
					</lines>
				</class>
				<class name="com.google.javascript.jscomp.ConstCheck" filename="com/google/javascript/jscomp/ConstCheck.java" line-rate="1.0" branch-rate="1.0" complexity="6.2">
					<methods>
					</methods>
					<lines>
					</lines>
				</class>
				<class name="com.google.javascript.jscomp.ControlFlowAnalysis" filename="com/google/javascript/jscomp/ControlFlowAnalysis.java" line-rate="1.0" branch-rate="1.0" complexity="6.142857142857143">
					<methods>
					</methods>
					<lines>
					</lines>
				</class>
				<class name="com.google.javascript.jscomp.ControlFlowAnalysis$1" filename="com/google/javascript/jscomp/ControlFlowAnalysis.java" line-rate="1.0" branch-rate="1.0" complexity="6.142857142857143">
					<methods>
					</methods>
					<lines>
					</lines>
				</class>
				<class name="com.google.javascript.jscomp.ControlFlowAnalysis$AstControlFlowGraph" filename="com/google/javascript/jscomp/ControlFlowAnalysis.java" line-rate="1.0" branch-rate="1.0" complexity="6.142857142857143">
					<methods>
					</methods>
					<lines>
					</lines>
				</class>
				<class name="com.google.javascript.jscomp.ControlFlowAnalysis$AstControlFlowGraph$1" filename="com/google/javascript/jscomp/ControlFlowAnalysis.java" line-rate="1.0" branch-rate="1.0" complexity="6.142857142857143">
					<methods>
					</methods>
					<lines>
					</lines>
				</class>
				<class name="com.google.javascript.jscomp.ControlFlowAnalysis$AstControlFlowGraph$2" filename="com/google/javascript/jscomp/ControlFlowAnalysis.java" line-rate="1.0" branch-rate="1.0" complexity="6.142857142857143">
					<methods>
					</methods>
					<lines>
					</lines>
				</class>
				<class name="com.google.javascript.jscomp.ControlFlowGraph" filename="com/google/javascript/jscomp/ControlFlowGraph.java" line-rate="1.0" branch-rate="1.0" complexity="3.5555555555555554">
					<methods>
					</methods>
					<lines>
					</lines>
				</class>
				<class name="com.google.javascript.jscomp.ControlFlowGraph$AbstractCfgNodeTraversalCallback" filename="com/google/javascript/jscomp/ControlFlowGraph.java" line-rate="1.0" branch-rate="1.0" complexity="3.5555555555555554">
					<methods>
					</methods>
					<lines>
					</lines>
				</class>
				<class name="com.google.javascript.jscomp.ControlFlowGraph$Branch" filename="com/google/javascript/jscomp/ControlFlowGraph.java" line-rate="1.0" branch-rate="1.0" complexity="3.5555555555555554">
					<methods>
					</methods>
					<lines>
					</lines>
				</class>
				<class name="com.google.javascript.jscomp.ControlStructureCheck" filename="com/google/javascript/jscomp/ControlStructureCheck.java" line-rate="1.0" branch-rate="1.0" complexity="2.25">
					<methods>
					</methods>
					<lines>
					</lines>
				</class>
				<class name="com.google.javascript.jscomp.ConvertToDottedProperties" filename="com/google/javascript/jscomp/ConvertToDottedProperties.java" line-rate="1.0" branch-rate="1.0" complexity="2.0">
					<methods>
					</methods>
					<lines>
					</lines>
				</class>
				<class name="com.google.javascript.jscomp.CreateSyntheticBlocks" filename="com/google/javascript/jscomp/CreateSyntheticBlocks.java" line-rate="1.0" branch-rate="1.0" complexity="5.5">
					<methods>
					</methods>
					<lines>
					</lines>
				</class>
				<class name="com.google.javascript.jscomp.CreateSyntheticBlocks$1" filename="com/google/javascript/jscomp/CreateSyntheticBlocks.java" line-rate="1.0" branch-rate="1.0" complexity="5.5">
					<methods>
					</methods>
					<lines>
					</lines>
				</class>
				<class name="com.google.javascript.jscomp.CreateSyntheticBlocks$Callback" filename="com/google/javascript/jscomp/CreateSyntheticBlocks.java" line-rate="1.0" branch-rate="1.0" complexity="5.5">
					<methods>
					</methods>
					<lines>
					</lines>
				</class>
				<class name="com.google.javascript.jscomp.CreateSyntheticBlocks$StartMarker" filename="com/google/javascript/jscomp/CreateSyntheticBlocks.java" line-rate="1.0" branch-rate="1.0" complexity="5.5">
					<methods>
					</methods>
					<lines>
					</lines>
				</class>
				<class name="com.google.javascript.jscomp.CrossModuleCodeMotion" filename="com/google/javascript/jscomp/CrossModuleCodeMotion.java" line-rate="1.0" branch-rate="1.0" complexity="7.384615384615385">
					<methods>
					</methods>
					<lines>
					</lines>
				</class>
				<class name="com.google.javascript.jscomp.CrossModuleCodeMotion$1" filename="com/google/javascript/jscomp/CrossModuleCodeMotion.java" line-rate="1.0" branch-rate="1.0" complexity="7.384615384615385">
					<methods>
					</methods>
					<lines>
					</lines>
				</class>
				<class name="com.google.javascript.jscomp.CrossModuleCodeMotion$Declaration" filename="com/google/javascript/jscomp/CrossModuleCodeMotion.java" line-rate="1.0" branch-rate="1.0" complexity="7.384615384615385">
					<methods>
					</methods>
					<lines>
					</lines>
				</class>
				<class name="com.google.javascript.jscomp.CrossModuleCodeMotion$NamedInfo" filename="com/google/javascript/jscomp/CrossModuleCodeMotion.java" line-rate="1.0" branch-rate="1.0" complexity="7.384615384615385">
					<methods>
					</methods>
					<lines>
					</lines>
				</class>
				<class name="com.google.javascript.jscomp.CrossModuleMethodMotion" filename="com/google/javascript/jscomp/CrossModuleMethodMotion.java" line-rate="1.0" branch-rate="1.0" complexity="3.4">
					<methods>
					</methods>
					<lines>
					</lines>
				</class>
				<class name="com.google.javascript.jscomp.CrossModuleMethodMotion$IdGenerator" filename="com/google/javascript/jscomp/CrossModuleMethodMotion.java" line-rate="1.0" branch-rate="1.0" complexity="3.4">
					<methods>
					</methods>
					<lines>
					</lines>
				</class>
				<class name="com.google.javascript.jscomp.CssRenamingMap" filename="com/google/javascript/jscomp/CssRenamingMap.java" line-rate="1.0" branch-rate="1.0" complexity="1.0">
					<methods>
					</methods>
					<lines>
					</lines>
				</class>
				<class name="com.google.javascript.jscomp.CustomPassExecutionTime" filename="com/google/javascript/jscomp/CustomPassExecutionTime.java" line-rate="1.0" branch-rate="1.0" complexity="0.0">
					<methods>
					</methods>
					<lines>
					</lines>
				</class>
				<class name="com.google.javascript.jscomp.DataFlowAnalysis" filename="com/google/javascript/jscomp/DataFlowAnalysis.java" line-rate="1.0" branch-rate="1.0" complexity="2.108108108108108">
					<methods>
					</methods>
					<lines>
					</lines>
				</class>
				<class name="com.google.javascript.jscomp.DataFlowAnalysis$1" filename="com/google/javascript/jscomp/DataFlowAnalysis.java" line-rate="1.0" branch-rate="1.0" complexity="2.108108108108108">
					<methods>
					</methods>
					<lines>
					</lines>
				</class>
				<class name="com.google.javascript.jscomp.DataFlowAnalysis$BranchedFlowState" filename="com/google/javascript/jscomp/DataFlowAnalysis.java" line-rate="1.0" branch-rate="1.0" complexity="2.108108108108108">
					<methods>
					</methods>
					<lines>
					</lines>
				</class>
				<class name="com.google.javascript.jscomp.DataFlowAnalysis$BranchedForwardDataFlowAnalysis" filename="com/google/javascript/jscomp/DataFlowAnalysis.java" line-rate="1.0" branch-rate="1.0" complexity="2.108108108108108">
					<methods>
					</methods>
					<lines>
					</lines>
				</class>
				<class name="com.google.javascript.jscomp.DataFlowAnalysis$FlowState" filename="com/google/javascript/jscomp/DataFlowAnalysis.java" line-rate="1.0" branch-rate="1.0" complexity="2.108108108108108">
					<methods>
					</methods>
					<lines>
					</lines>
				</class>
				<class name="com.google.javascript.jscomp.DataFlowAnalysis$MaxIterationsExceededException" filename="com/google/javascript/jscomp/DataFlowAnalysis.java" line-rate="1.0" branch-rate="1.0" complexity="2.108108108108108">
					<methods>
					</methods>
					<lines>
					</lines>
				</class>
				<class name="com.google.javascript.jscomp.DeadAssignmentsElimination" filename="com/google/javascript/jscomp/DeadAssignmentsElimination.java" line-rate="1.0" branch-rate="1.0" complexity="7.4">
					<methods>
					</methods>
					<lines>
					</lines>
				</class>
				<class name="com.google.javascript.jscomp.DeadAssignmentsElimination$VariableLiveness" filename="com/google/javascript/jscomp/DeadAssignmentsElimination.java" line-rate="1.0" branch-rate="1.0" complexity="7.4">
					<methods>
					</methods>
					<lines>
					</lines>
				</class>
				<class name="com.google.javascript.jscomp.DefaultCodingConvention" filename="com/google/javascript/jscomp/DefaultCodingConvention.java" line-rate="1.0" branch-rate="1.0" complexity="1.1785714285714286">
					<methods>
					</methods>
					<lines>
					</lines>
				</class>
				<class name="com.google.javascript.jscomp.DefaultPassConfig" filename="com/google/javascript/jscomp/DefaultPassConfig.java" line-rate="1.0" branch-rate="1.0" complexity="2.319672131147541">
					<methods>
					</methods>
					<lines>
					</lines>
				</class>
				<class name="com.google.javascript.jscomp.DefaultPassConfig$1" filename="com/google/javascript/jscomp/DefaultPassConfig.java" line-rate="1.0" branch-rate="1.0" complexity="2.319672131147541">
					<methods>
					</methods>
					<lines>
					</lines>
				</class>
				<class name="com.google.javascript.jscomp.DefaultPassConfig$10" filename="com/google/javascript/jscomp/DefaultPassConfig.java" line-rate="1.0" branch-rate="1.0" complexity="2.319672131147541">
					<methods>
					</methods>
					<lines>
					</lines>
				</class>
				<class name="com.google.javascript.jscomp.DefaultPassConfig$11" filename="com/google/javascript/jscomp/DefaultPassConfig.java" line-rate="1.0" branch-rate="1.0" complexity="2.319672131147541">
					<methods>
					</methods>
					<lines>
					</lines>
				</class>
				<class name="com.google.javascript.jscomp.DefaultPassConfig$12" filename="com/google/javascript/jscomp/DefaultPassConfig.java" line-rate="1.0" branch-rate="1.0" complexity="2.319672131147541">
					<methods>
					</methods>
					<lines>
					</lines>
				</class>
				<class name="com.google.javascript.jscomp.DefaultPassConfig$12$1" filename="com/google/javascript/jscomp/DefaultPassConfig.java" line-rate="1.0" branch-rate="1.0" complexity="2.319672131147541">
					<methods>
					</methods>
					<lines>
					</lines>
				</class>
				<class name="com.google.javascript.jscomp.DefaultPassConfig$13" filename="com/google/javascript/jscomp/DefaultPassConfig.java" line-rate="1.0" branch-rate="1.0" complexity="2.319672131147541">
					<methods>
					</methods>
					<lines>
					</lines>
				</class>
				<class name="com.google.javascript.jscomp.DefaultPassConfig$14" filename="com/google/javascript/jscomp/DefaultPassConfig.java" line-rate="1.0" branch-rate="1.0" complexity="2.319672131147541">
					<methods>
					</methods>
					<lines>
					</lines>
				</class>
				<class name="com.google.javascript.jscomp.DefaultPassConfig$15" filename="com/google/javascript/jscomp/DefaultPassConfig.java" line-rate="1.0" branch-rate="1.0" complexity="2.319672131147541">
					<methods>
					</methods>
					<lines>
					</lines>
				</class>
				<class name="com.google.javascript.jscomp.DefaultPassConfig$16" filename="com/google/javascript/jscomp/DefaultPassConfig.java" line-rate="1.0" branch-rate="1.0" complexity="2.319672131147541">
					<methods>
					</methods>
					<lines>
					</lines>
				</class>
				<class name="com.google.javascript.jscomp.DefaultPassConfig$16$1" filename="com/google/javascript/jscomp/DefaultPassConfig.java" line-rate="1.0" branch-rate="1.0" complexity="2.319672131147541">
					<methods>
					</methods>
					<lines>
					</lines>
				</class>
				<class name="com.google.javascript.jscomp.DefaultPassConfig$17" filename="com/google/javascript/jscomp/DefaultPassConfig.java" line-rate="1.0" branch-rate="1.0" complexity="2.319672131147541">
					<methods>
					</methods>
					<lines>
					</lines>
				</class>
				<class name="com.google.javascript.jscomp.DefaultPassConfig$18" filename="com/google/javascript/jscomp/DefaultPassConfig.java" line-rate="1.0" branch-rate="1.0" complexity="2.319672131147541">
					<methods>
					</methods>
					<lines>
					</lines>
				</class>
				<class name="com.google.javascript.jscomp.DefaultPassConfig$19" filename="com/google/javascript/jscomp/DefaultPassConfig.java" line-rate="1.0" branch-rate="1.0" complexity="2.319672131147541">
					<methods>
					</methods>
					<lines>
					</lines>
				</class>
				<class name="com.google.javascript.jscomp.DefaultPassConfig$2" filename="com/google/javascript/jscomp/DefaultPassConfig.java" line-rate="1.0" branch-rate="1.0" complexity="2.319672131147541">
					<methods>
					</methods>
					<lines>
					</lines>
				</class>
				<class name="com.google.javascript.jscomp.DefaultPassConfig$20" filename="com/google/javascript/jscomp/DefaultPassConfig.java" line-rate="1.0" branch-rate="1.0" complexity="2.319672131147541">
					<methods>
					</methods>
					<lines>
					</lines>
				</class>
				<class name="com.google.javascript.jscomp.DefaultPassConfig$21" filename="com/google/javascript/jscomp/DefaultPassConfig.java" line-rate="1.0" branch-rate="1.0" complexity="2.319672131147541">
					<methods>
					</methods>
					<lines>
					</lines>
				</class>
				<class name="com.google.javascript.jscomp.DefaultPassConfig$21$1" filename="com/google/javascript/jscomp/DefaultPassConfig.java" line-rate="1.0" branch-rate="1.0" complexity="2.319672131147541">
					<methods>
					</methods>
					<lines>
					</lines>
				</class>
				<class name="com.google.javascript.jscomp.DefaultPassConfig$22" filename="com/google/javascript/jscomp/DefaultPassConfig.java" line-rate="1.0" branch-rate="1.0" complexity="2.319672131147541">
					<methods>
					</methods>
					<lines>
					</lines>
				</class>
				<class name="com.google.javascript.jscomp.DefaultPassConfig$22$1" filename="com/google/javascript/jscomp/DefaultPassConfig.java" line-rate="1.0" branch-rate="1.0" complexity="2.319672131147541">
					<methods>
					</methods>
					<lines>
					</lines>
				</class>
				<class name="com.google.javascript.jscomp.DefaultPassConfig$23" filename="com/google/javascript/jscomp/DefaultPassConfig.java" line-rate="1.0" branch-rate="1.0" complexity="2.319672131147541">
					<methods>
					</methods>
					<lines>
					</lines>
				</class>
				<class name="com.google.javascript.jscomp.DefaultPassConfig$24" filename="com/google/javascript/jscomp/DefaultPassConfig.java" line-rate="1.0" branch-rate="1.0" complexity="2.319672131147541">
					<methods>
					</methods>
					<lines>
					</lines>
				</class>
				<class name="com.google.javascript.jscomp.DefaultPassConfig$25" filename="com/google/javascript/jscomp/DefaultPassConfig.java" line-rate="1.0" branch-rate="1.0" complexity="2.319672131147541">
					<methods>
					</methods>
					<lines>
					</lines>
				</class>
				<class name="com.google.javascript.jscomp.DefaultPassConfig$25$1" filename="com/google/javascript/jscomp/DefaultPassConfig.java" line-rate="1.0" branch-rate="1.0" complexity="2.319672131147541">
					<methods>
					</methods>
					<lines>
					</lines>
				</class>
				<class name="com.google.javascript.jscomp.DefaultPassConfig$26" filename="com/google/javascript/jscomp/DefaultPassConfig.java" line-rate="1.0" branch-rate="1.0" complexity="2.319672131147541">
					<methods>
					</methods>
					<lines>
					</lines>
				</class>
				<class name="com.google.javascript.jscomp.DefaultPassConfig$27" filename="com/google/javascript/jscomp/DefaultPassConfig.java" line-rate="1.0" branch-rate="1.0" complexity="2.319672131147541">
					<methods>
					</methods>
					<lines>
					</lines>
				</class>
				<class name="com.google.javascript.jscomp.DefaultPassConfig$28" filename="com/google/javascript/jscomp/DefaultPassConfig.java" line-rate="1.0" branch-rate="1.0" complexity="2.319672131147541">
					<methods>
					</methods>
					<lines>
					</lines>
				</class>
				<class name="com.google.javascript.jscomp.DefaultPassConfig$28$1" filename="com/google/javascript/jscomp/DefaultPassConfig.java" line-rate="1.0" branch-rate="1.0" complexity="2.319672131147541">
					<methods>
					</methods>
					<lines>
					</lines>
				</class>
				<class name="com.google.javascript.jscomp.DefaultPassConfig$29" filename="com/google/javascript/jscomp/DefaultPassConfig.java" line-rate="1.0" branch-rate="1.0" complexity="2.319672131147541">
					<methods>
					</methods>
					<lines>
					</lines>
				</class>
				<class name="com.google.javascript.jscomp.DefaultPassConfig$3" filename="com/google/javascript/jscomp/DefaultPassConfig.java" line-rate="1.0" branch-rate="1.0" complexity="2.319672131147541">
					<methods>
					</methods>
					<lines>
					</lines>
				</class>
				<class name="com.google.javascript.jscomp.DefaultPassConfig$30" filename="com/google/javascript/jscomp/DefaultPassConfig.java" line-rate="1.0" branch-rate="1.0" complexity="2.319672131147541">
					<methods>
					</methods>
					<lines>
					</lines>
				</class>
				<class name="com.google.javascript.jscomp.DefaultPassConfig$31" filename="com/google/javascript/jscomp/DefaultPassConfig.java" line-rate="1.0" branch-rate="1.0" complexity="2.319672131147541">
					<methods>
					</methods>
					<lines>
					</lines>
				</class>
				<class name="com.google.javascript.jscomp.DefaultPassConfig$32" filename="com/google/javascript/jscomp/DefaultPassConfig.java" line-rate="1.0" branch-rate="1.0" complexity="2.319672131147541">
					<methods>
					</methods>
					<lines>
					</lines>
				</class>
				<class name="com.google.javascript.jscomp.DefaultPassConfig$33" filename="com/google/javascript/jscomp/DefaultPassConfig.java" line-rate="1.0" branch-rate="1.0" complexity="2.319672131147541">
					<methods>
					</methods>
					<lines>
					</lines>
				</class>
				<class name="com.google.javascript.jscomp.DefaultPassConfig$34" filename="com/google/javascript/jscomp/DefaultPassConfig.java" line-rate="1.0" branch-rate="1.0" complexity="2.319672131147541">
					<methods>
					</methods>
					<lines>
					</lines>
				</class>
				<class name="com.google.javascript.jscomp.DefaultPassConfig$34$1" filename="com/google/javascript/jscomp/DefaultPassConfig.java" line-rate="1.0" branch-rate="1.0" complexity="2.319672131147541">
					<methods>
					</methods>
					<lines>
					</lines>
				</class>
				<class name="com.google.javascript.jscomp.DefaultPassConfig$35" filename="com/google/javascript/jscomp/DefaultPassConfig.java" line-rate="1.0" branch-rate="1.0" complexity="2.319672131147541">
					<methods>
					</methods>
					<lines>
					</lines>
				</class>
				<class name="com.google.javascript.jscomp.DefaultPassConfig$36" filename="com/google/javascript/jscomp/DefaultPassConfig.java" line-rate="1.0" branch-rate="1.0" complexity="2.319672131147541">
					<methods>
					</methods>
					<lines>
					</lines>
				</class>
				<class name="com.google.javascript.jscomp.DefaultPassConfig$36$1" filename="com/google/javascript/jscomp/DefaultPassConfig.java" line-rate="1.0" branch-rate="1.0" complexity="2.319672131147541">
					<methods>
					</methods>
					<lines>
					</lines>
				</class>
				<class name="com.google.javascript.jscomp.DefaultPassConfig$37" filename="com/google/javascript/jscomp/DefaultPassConfig.java" line-rate="1.0" branch-rate="1.0" complexity="2.319672131147541">
					<methods>
					</methods>
					<lines>
					</lines>
				</class>
				<class name="com.google.javascript.jscomp.DefaultPassConfig$38" filename="com/google/javascript/jscomp/DefaultPassConfig.java" line-rate="1.0" branch-rate="1.0" complexity="2.319672131147541">
					<methods>
					</methods>
					<lines>
					</lines>
				</class>
				<class name="com.google.javascript.jscomp.DefaultPassConfig$39" filename="com/google/javascript/jscomp/DefaultPassConfig.java" line-rate="1.0" branch-rate="1.0" complexity="2.319672131147541">
					<methods>
					</methods>
					<lines>
					</lines>
				</class>
				<class name="com.google.javascript.jscomp.DefaultPassConfig$4" filename="com/google/javascript/jscomp/DefaultPassConfig.java" line-rate="1.0" branch-rate="1.0" complexity="2.319672131147541">
					<methods>
					</methods>
					<lines>
					</lines>
				</class>
				<class name="com.google.javascript.jscomp.DefaultPassConfig$40" filename="com/google/javascript/jscomp/DefaultPassConfig.java" line-rate="1.0" branch-rate="1.0" complexity="2.319672131147541">
					<methods>
					</methods>
					<lines>
					</lines>
				</class>
				<class name="com.google.javascript.jscomp.DefaultPassConfig$41" filename="com/google/javascript/jscomp/DefaultPassConfig.java" line-rate="1.0" branch-rate="1.0" complexity="2.319672131147541">
					<methods>
					</methods>
					<lines>
					</lines>
				</class>
				<class name="com.google.javascript.jscomp.DefaultPassConfig$42" filename="com/google/javascript/jscomp/DefaultPassConfig.java" line-rate="1.0" branch-rate="1.0" complexity="2.319672131147541">
					<methods>
					</methods>
					<lines>
					</lines>
				</class>
				<class name="com.google.javascript.jscomp.DefaultPassConfig$43" filename="com/google/javascript/jscomp/DefaultPassConfig.java" line-rate="1.0" branch-rate="1.0" complexity="2.319672131147541">
					<methods>
					</methods>
					<lines>
					</lines>
				</class>
				<class name="com.google.javascript.jscomp.DefaultPassConfig$44" filename="com/google/javascript/jscomp/DefaultPassConfig.java" line-rate="1.0" branch-rate="1.0" complexity="2.319672131147541">
					<methods>
					</methods>
					<lines>
					</lines>
				</class>
				<class name="com.google.javascript.jscomp.DefaultPassConfig$45" filename="com/google/javascript/jscomp/DefaultPassConfig.java" line-rate="1.0" branch-rate="1.0" complexity="2.319672131147541">
					<methods>
					</methods>
					<lines>
					</lines>
				</class>
				<class name="com.google.javascript.jscomp.DefaultPassConfig$46" filename="com/google/javascript/jscomp/DefaultPassConfig.java" line-rate="1.0" branch-rate="1.0" complexity="2.319672131147541">
					<methods>
					</methods>
					<lines>
					</lines>
				</class>
				<class name="com.google.javascript.jscomp.DefaultPassConfig$47" filename="com/google/javascript/jscomp/DefaultPassConfig.java" line-rate="1.0" branch-rate="1.0" complexity="2.319672131147541">
					<methods>
					</methods>
					<lines>
					</lines>
				</class>
				<class name="com.google.javascript.jscomp.DefaultPassConfig$48" filename="com/google/javascript/jscomp/DefaultPassConfig.java" line-rate="1.0" branch-rate="1.0" complexity="2.319672131147541">
					<methods>
					</methods>
					<lines>
					</lines>
				</class>
				<class name="com.google.javascript.jscomp.DefaultPassConfig$49" filename="com/google/javascript/jscomp/DefaultPassConfig.java" line-rate="1.0" branch-rate="1.0" complexity="2.319672131147541">
					<methods>
					</methods>
					<lines>
					</lines>
				</class>
[...]
					<methods>
					</methods>
					<lines>
					</lines>
				</class>
				<class name="com.google.javascript.rhino.Parser" filename="com/google/javascript/rhino/Parser.java" line-rate="1.0" branch-rate="1.0" complexity="6.203125">
					<methods>
					</methods>
					<lines>
					</lines>
				</class>
				<class name="com.google.javascript.rhino.Parser$1" filename="com/google/javascript/rhino/Parser.java" line-rate="1.0" branch-rate="1.0" complexity="6.203125">
					<methods>
					</methods>
					<lines>
					</lines>
				</class>
				<class name="com.google.javascript.rhino.Parser$ParserException" filename="com/google/javascript/rhino/Parser.java" line-rate="1.0" branch-rate="1.0" complexity="6.203125">
					<methods>
					</methods>
					<lines>
					</lines>
				</class>
				<class name="com.google.javascript.rhino.RhinoException" filename="com/google/javascript/rhino/RhinoException.java" line-rate="1.0" branch-rate="1.0" complexity="2.473684210526316">
					<methods>
					</methods>
					<lines>
					</lines>
				</class>
				<class name="com.google.javascript.rhino.RhinoException$1" filename="com/google/javascript/rhino/RhinoException.java" line-rate="1.0" branch-rate="1.0" complexity="2.473684210526316">
					<methods>
					</methods>
					<lines>
					</lines>
				</class>
				<class name="com.google.javascript.rhino.ScriptOrFnNode" filename="com/google/javascript/rhino/ScriptOrFnNode.java" line-rate="1.0" branch-rate="1.0" complexity="2.032258064516129">
					<methods>
					</methods>
					<lines>
					</lines>
				</class>
				<class name="com.google.javascript.rhino.ScriptRuntime" filename="com/google/javascript/rhino/ScriptRuntime.java" line-rate="0.0" branch-rate="0.0" complexity="4.878787878787879">
					<methods>
					</methods>
					<lines>
						<line number="0" hits="0" branch="true" condition-coverage="0% (0/20)">
							<conditions>
								<condition number="0" type="switch" coverage="0%"/>
								<condition number="1" type="switch" coverage="0%"/>
								<condition number="2" type="switch" coverage="0%"/>
							</conditions>
						</line>
					</lines>
				</class>
				<class name="com.google.javascript.rhino.SimpleErrorReporter" filename="com/google/javascript/rhino/SimpleErrorReporter.java" line-rate="1.0" branch-rate="1.0" complexity="2.0">
					<methods>
					</methods>
					<lines>
					</lines>
				</class>
				<class name="com.google.javascript.rhino.SourcePosition" filename="com/google/javascript/rhino/SourcePosition.java" line-rate="1.0" branch-rate="1.0" complexity="1.0">
					<methods>
					</methods>
					<lines>
					</lines>
				</class>
				<class name="com.google.javascript.rhino.Token" filename="com/google/javascript/rhino/Token.java" line-rate="1.0" branch-rate="1.0" complexity="328.0">
					<methods>
					</methods>
					<lines>
					</lines>
				</class>
				<class name="com.google.javascript.rhino.TokenStream" filename="com/google/javascript/rhino/TokenStream.java" line-rate="1.0" branch-rate="1.0" complexity="14.142857142857142">
					<methods>
					</methods>
					<lines>
					</lines>
				</class>
				<class name="com.google.javascript.rhino.UintMap" filename="com/google/javascript/rhino/UintMap.java" line-rate="1.0" branch-rate="1.0" complexity="6.0">
					<methods>
					</methods>
					<lines>
					</lines>
				</class>
				<class name="com.google.javascript.rhino.UniqueTag" filename="com/google/javascript/rhino/UniqueTag.java" line-rate="1.0" branch-rate="1.0" complexity="4.666666666666667">
					<methods>
					</methods>
					<lines>
					</lines>
				</class>
			</classes>
		</package>
		<package name="com.google.javascript.rhino.jstype" line-rate="0.0" branch-rate="0.0" complexity="2.1133879781420766">
			<classes>
				<class name="com.google.javascript.rhino.jstype.AllType" filename="com/google/javascript/rhino/jstype/AllType.java" line-rate="1.0" branch-rate="1.0" complexity="1.2307692307692308">
					<methods>
					</methods>
					<lines>
					</lines>
				</class>
				<class name="com.google.javascript.rhino.jstype.ArrowType" filename="com/google/javascript/rhino/jstype/ArrowType.java" line-rate="1.0" branch-rate="1.0" complexity="4.333333333333333">
					<methods>
					</methods>
					<lines>
					</lines>
				</class>
				<class name="com.google.javascript.rhino.jstype.BooleanLiteralSet" filename="com/google/javascript/rhino/jstype/BooleanLiteralSet.java" line-rate="1.0" branch-rate="1.0" complexity="4.8">
					<methods>
					</methods>
					<lines>
					</lines>
				</class>
				<class name="com.google.javascript.rhino.jstype.BooleanType" filename="com/google/javascript/rhino/jstype/BooleanType.java" line-rate="1.0" branch-rate="1.0" complexity="1.5454545454545454">
					<methods>
					</methods>
					<lines>
					</lines>
				</class>
				<class name="com.google.javascript.rhino.jstype.EnumElementType" filename="com/google/javascript/rhino/jstype/EnumElementType.java" line-rate="1.0" branch-rate="1.0" complexity="1.5666666666666667">
					<methods>
					</methods>
					<lines>
					</lines>
				</class>
				<class name="com.google.javascript.rhino.jstype.EnumType" filename="com/google/javascript/rhino/jstype/EnumType.java" line-rate="1.0" branch-rate="1.0" complexity="1.3333333333333333">
					<methods>
					</methods>
					<lines>
					</lines>
				</class>
				<class name="com.google.javascript.rhino.jstype.ErrorFunctionType" filename="com/google/javascript/rhino/jstype/ErrorFunctionType.java" line-rate="1.0" branch-rate="1.0" complexity="1.0">
					<methods>
					</methods>
					<lines>
					</lines>
				</class>
				<class name="com.google.javascript.rhino.jstype.FunctionBuilder" filename="com/google/javascript/rhino/jstype/FunctionBuilder.java" line-rate="1.0" branch-rate="1.0" complexity="1.0">
					<methods>
					</methods>
					<lines>
					</lines>
				</class>
				<class name="com.google.javascript.rhino.jstype.FunctionParamBuilder" filename="com/google/javascript/rhino/jstype/FunctionParamBuilder.java" line-rate="1.0" branch-rate="1.0" complexity="2.3333333333333335">
					<methods>
					</methods>
					<lines>
					</lines>
				</class>
				<class name="com.google.javascript.rhino.jstype.FunctionPrototypeType" filename="com/google/javascript/rhino/jstype/FunctionPrototypeType.java" line-rate="1.0" branch-rate="1.0" complexity="1.4285714285714286">
					<methods>
					</methods>
					<lines>
					</lines>
				</class>
				<class name="com.google.javascript.rhino.jstype.FunctionType" filename="com/google/javascript/rhino/jstype/FunctionType.java" line-rate="1.0" branch-rate="1.0" complexity="3.6">
					<methods>
					</methods>
					<lines>
					</lines>
				</class>
				<class name="com.google.javascript.rhino.jstype.FunctionType$Kind" filename="com/google/javascript/rhino/jstype/FunctionType.java" line-rate="1.0" branch-rate="1.0" complexity="3.6">
					<methods>
					</methods>
					<lines>
					</lines>
				</class>
				<class name="com.google.javascript.rhino.jstype.IndexedType" filename="com/google/javascript/rhino/jstype/IndexedType.java" line-rate="1.0" branch-rate="1.0" complexity="1.0">
					<methods>
					</methods>
					<lines>
					</lines>
				</class>
				<class name="com.google.javascript.rhino.jstype.InstanceObjectType" filename="com/google/javascript/rhino/jstype/InstanceObjectType.java" line-rate="1.0" branch-rate="1.0" complexity="2.0">
					<methods>
					</methods>
					<lines>
					</lines>
				</class>
				<class name="com.google.javascript.rhino.jstype.JSType" filename="com/google/javascript/rhino/jstype/JSType.java" line-rate="0.0" branch-rate="0.0" complexity="2.1325301204819276">
					<methods>
					</methods>
					<lines>
						<line number="0" hits="0" branch="true" condition-coverage="0% (0/6)">
							<conditions>
								<condition number="0" type="switch" coverage="0%"/>
								<condition number="1" type="switch" coverage="0%"/>
							</conditions>
						</line>
					</lines>
				</class>
				<class name="com.google.javascript.rhino.jstype.JSType$1" filename="com/google/javascript/rhino/jstype/JSType.java" line-rate="1.0" branch-rate="1.0" complexity="2.1325301204819276">
					<methods>
					</methods>
					<lines>
					</lines>
				</class>
				<class name="com.google.javascript.rhino.jstype.JSType$2" filename="com/google/javascript/rhino/jstype/JSType.java" line-rate="1.0" branch-rate="1.0" complexity="2.1325301204819276">
					<methods>
					</methods>
					<lines>
					</lines>
				</class>
				<class name="com.google.javascript.rhino.jstype.JSType$TypePair" filename="com/google/javascript/rhino/jstype/JSType.java" line-rate="1.0" branch-rate="1.0" complexity="2.1325301204819276">
					<methods>
					</methods>
					<lines>
					</lines>
				</class>
				<class name="com.google.javascript.rhino.jstype.JSTypeNative" filename="com/google/javascript/rhino/jstype/JSTypeNative.java" line-rate="1.0" branch-rate="1.0" complexity="0.0">
					<methods>
					</methods>
					<lines>
					</lines>
				</class>
				<class name="com.google.javascript.rhino.jstype.JSTypeRegistry" filename="com/google/javascript/rhino/jstype/JSTypeRegistry.java" line-rate="0.0" branch-rate="0.0" complexity="2.263157894736842">
					<methods>
					</methods>
					<lines>
						<line number="0" hits="0" branch="true" condition-coverage="0% (0/13)">
							<conditions>
								<condition number="0" type="switch" coverage="0%"/>
							</conditions>
						</line>
					</lines>
				</class>
				<class name="com.google.javascript.rhino.jstype.JSTypeRegistry$1" filename="com/google/javascript/rhino/jstype/JSTypeRegistry.java" line-rate="1.0" branch-rate="1.0" complexity="2.263157894736842">
					<methods>
					</methods>
					<lines>
					</lines>
				</class>
				<class name="com.google.javascript.rhino.jstype.JSTypeRegistry$ResolveMode" filename="com/google/javascript/rhino/jstype/JSTypeRegistry.java" line-rate="1.0" branch-rate="1.0" complexity="2.263157894736842">
					<methods>
					</methods>
					<lines>
					</lines>
				</class>
				<class name="com.google.javascript.rhino.jstype.NamedType" filename="com/google/javascript/rhino/jstype/NamedType.java" line-rate="1.0" branch-rate="1.0" complexity="3.0555555555555554">
					<methods>
					</methods>
					<lines>
					</lines>
				</class>
				<class name="com.google.javascript.rhino.jstype.NoObjectType" filename="com/google/javascript/rhino/jstype/NoObjectType.java" line-rate="1.0" branch-rate="1.0" complexity="1.1764705882352942">
					<methods>
					</methods>
					<lines>
					</lines>
				</class>
				<class name="com.google.javascript.rhino.jstype.NoObjectType$1" filename="com/google/javascript/rhino/jstype/NoObjectType.java" line-rate="1.0" branch-rate="1.0" complexity="1.1764705882352942">
					<methods>
					</methods>
					<lines>
					</lines>
				</class>
				<class name="com.google.javascript.rhino.jstype.NoObjectType$GreatestSupertypeVisitor" filename="com/google/javascript/rhino/jstype/NoObjectType.java" line-rate="1.0" branch-rate="1.0" complexity="1.1764705882352942">
					<methods>
					</methods>
					<lines>
					</lines>
				</class>
				<class name="com.google.javascript.rhino.jstype.NoObjectType$LeastSupertypeVisitor" filename="com/google/javascript/rhino/jstype/NoObjectType.java" line-rate="1.0" branch-rate="1.0" complexity="1.1764705882352942">
					<methods>
					</methods>
					<lines>
					</lines>
				</class>
				<class name="com.google.javascript.rhino.jstype.NoType" filename="com/google/javascript/rhino/jstype/NoType.java" line-rate="1.0" branch-rate="1.0" complexity="1.1538461538461537">
					<methods>
					</methods>
					<lines>
					</lines>
				</class>
				<class name="com.google.javascript.rhino.jstype.NullType" filename="com/google/javascript/rhino/jstype/NullType.java" line-rate="1.0" branch-rate="1.0" complexity="1.7272727272727273">
					<methods>
					</methods>
					<lines>
					</lines>
				</class>
				<class name="com.google.javascript.rhino.jstype.NumberType" filename="com/google/javascript/rhino/jstype/NumberType.java" line-rate="1.0" branch-rate="1.0" complexity="1.4545454545454546">
					<methods>
					</methods>
					<lines>
					</lines>
				</class>
				<class name="com.google.javascript.rhino.jstype.ObjectType" filename="com/google/javascript/rhino/jstype/ObjectType.java" line-rate="1.0" branch-rate="1.0" complexity="1.6216216216216217">
					<methods>
					</methods>
					<lines>
					</lines>
				</class>
				<class name="com.google.javascript.rhino.jstype.ParameterizedType" filename="com/google/javascript/rhino/jstype/ParameterizedType.java" line-rate="1.0" branch-rate="1.0" complexity="1.0">
					<methods>
					</methods>
					<lines>
					</lines>
				</class>
				<class name="com.google.javascript.rhino.jstype.PrototypeObjectType" filename="com/google/javascript/rhino/jstype/PrototypeObjectType.java" line-rate="1.0" branch-rate="1.0" complexity="3.6470588235294117">
					<methods>
					</methods>
					<lines>
					</lines>
				</class>
				<class name="com.google.javascript.rhino.jstype.PrototypeObjectType$1" filename="com/google/javascript/rhino/jstype/PrototypeObjectType.java" line-rate="1.0" branch-rate="1.0" complexity="3.6470588235294117">
					<methods>
					</methods>
					<lines>
					</lines>
				</class>
				<class name="com.google.javascript.rhino.jstype.PrototypeObjectType$Property" filename="com/google/javascript/rhino/jstype/PrototypeObjectType.java" line-rate="1.0" branch-rate="1.0" complexity="3.6470588235294117">
					<methods>
					</methods>
					<lines>
					</lines>
				</class>
				<class name="com.google.javascript.rhino.jstype.ProxyObjectType" filename="com/google/javascript/rhino/jstype/ProxyObjectType.java" line-rate="1.0" branch-rate="1.0" complexity="1.0425531914893618">
					<methods>
					</methods>
					<lines>
					</lines>
				</class>
				<class name="com.google.javascript.rhino.jstype.RecordType" filename="com/google/javascript/rhino/jstype/RecordType.java" line-rate="1.0" branch-rate="1.0" complexity="5.909090909090909">
					<methods>
					</methods>
					<lines>
					</lines>
				</class>
				<class name="com.google.javascript.rhino.jstype.RecordTypeBuilder" filename="com/google/javascript/rhino/jstype/RecordTypeBuilder.java" line-rate="1.0" branch-rate="1.0" complexity="1.6666666666666667">
					<methods>
					</methods>
					<lines>
					</lines>
				</class>
				<class name="com.google.javascript.rhino.jstype.SimpleSlot" filename="com/google/javascript/rhino/jstype/SimpleSlot.java" line-rate="1.0" branch-rate="1.0" complexity="1.0">
					<methods>
					</methods>
					<lines>
					</lines>
				</class>
				<class name="com.google.javascript.rhino.jstype.StaticScope" filename="com/google/javascript/rhino/jstype/StaticScope.java" line-rate="1.0" branch-rate="1.0" complexity="1.0">
					<methods>
					</methods>
					<lines>
					</lines>
				</class>
				<class name="com.google.javascript.rhino.jstype.StaticSlot" filename="com/google/javascript/rhino/jstype/StaticSlot.java" line-rate="1.0" branch-rate="1.0" complexity="1.0">
					<methods>
					</methods>
					<lines>
					</lines>
				</class>
				<class name="com.google.javascript.rhino.jstype.StringType" filename="com/google/javascript/rhino/jstype/StringType.java" line-rate="1.0" branch-rate="1.0" complexity="1.5">
					<methods>
					</methods>
					<lines>
					</lines>
				</class>
				<class name="com.google.javascript.rhino.jstype.TemplateType" filename="com/google/javascript/rhino/jstype/TemplateType.java" line-rate="1.0" branch-rate="1.0" complexity="1.0">
					<methods>
					</methods>
					<lines>
					</lines>
				</class>
				<class name="com.google.javascript.rhino.jstype.TernaryValue" filename="com/google/javascript/rhino/jstype/TernaryValue.java" line-rate="1.0" branch-rate="1.0" complexity="1.125">
					<methods>
					</methods>
					<lines>
					</lines>
				</class>
				<class name="com.google.javascript.rhino.jstype.TernaryValue$1" filename="com/google/javascript/rhino/jstype/TernaryValue.java" line-rate="1.0" branch-rate="1.0" complexity="1.125">
					<methods>
					</methods>
					<lines>
					</lines>
				</class>
				<class name="com.google.javascript.rhino.jstype.TernaryValue$2" filename="com/google/javascript/rhino/jstype/TernaryValue.java" line-rate="1.0" branch-rate="1.0" complexity="1.125">
					<methods>
					</methods>
					<lines>
					</lines>
				</class>
				<class name="com.google.javascript.rhino.jstype.TernaryValue$3" filename="com/google/javascript/rhino/jstype/TernaryValue.java" line-rate="1.0" branch-rate="1.0" complexity="1.125">
					<methods>
					</methods>
					<lines>
					</lines>
				</class>
				<class name="com.google.javascript.rhino.jstype.UnionType" filename="com/google/javascript/rhino/jstype/UnionType.java" line-rate="1.0" branch-rate="1.0" complexity="3.625">
					<methods>
					</methods>
					<lines>
					</lines>
				</class>
				<class name="com.google.javascript.rhino.jstype.UnionTypeBuilder" filename="com/google/javascript/rhino/jstype/UnionTypeBuilder.java" line-rate="1.0" branch-rate="1.0" complexity="6.4">
					<methods>
					</methods>
					<lines>
					</lines>
				</class>
				<class name="com.google.javascript.rhino.jstype.UnionTypeBuilder$1" filename="com/google/javascript/rhino/jstype/UnionTypeBuilder.java" line-rate="1.0" branch-rate="1.0" complexity="6.4">
					<methods>
					</methods>
					<lines>
					</lines>
				</class>
				<class name="com.google.javascript.rhino.jstype.UnknownType" filename="com/google/javascript/rhino/jstype/UnknownType.java" line-rate="1.0" branch-rate="1.0" complexity="1.037037037037037">
					<methods>
					</methods>
					<lines>
					</lines>
				</class>
				<class name="com.google.javascript.rhino.jstype.UnresolvedTypeExpression" filename="com/google/javascript/rhino/jstype/UnresolvedTypeExpression.java" line-rate="1.0" branch-rate="1.0" complexity="1.0">
					<methods>
					</methods>
					<lines>
					</lines>
				</class>
				<class name="com.google.javascript.rhino.jstype.ValueType" filename="com/google/javascript/rhino/jstype/ValueType.java" line-rate="1.0" branch-rate="1.0" complexity="1.0">
					<methods>
					</methods>
					<lines>
					</lines>
				</class>
				<class name="com.google.javascript.rhino.jstype.Visitor" filename="com/google/javascript/rhino/jstype/Visitor.java" line-rate="1.0" branch-rate="1.0" complexity="1.0">
					<methods>
					</methods>
					<lines>
					</lines>
				</class>
				<class name="com.google.javascript.rhino.jstype.VoidType" filename="com/google/javascript/rhino/jstype/VoidType.java" line-rate="1.0" branch-rate="1.0" complexity="1.5">
					<methods>
					</methods>
					<lines>
					</lines>
				</class>
			</classes>
		</package>
		<package name="com.google.javascript.rhino.testing" line-rate="1.0" branch-rate="1.0" complexity="1.2666666666666666">
			<classes>
				<class name="com.google.javascript.rhino.testing.Asserts" filename="com/google/javascript/rhino/testing/Asserts.java" line-rate="1.0" branch-rate="1.0" complexity="1.1666666666666667">
					<methods>
					</methods>
					<lines>
					</lines>
				</class>
				<class name="com.google.javascript.rhino.testing.BaseJSTypeTestCase" filename="com/google/javascript/rhino/testing/BaseJSTypeTestCase.java" line-rate="1.0" branch-rate="1.0" complexity="1.0">
					<methods>
					</methods>
					<lines>
					</lines>
				</class>
				<class name="com.google.javascript.rhino.testing.EmptyScope" filename="com/google/javascript/rhino/testing/EmptyScope.java" line-rate="1.0" branch-rate="1.0" complexity="1.0">
					<methods>
					</methods>
					<lines>
					</lines>
				</class>
				<class name="com.google.javascript.rhino.testing.TestErrorReporter" filename="com/google/javascript/rhino/testing/TestErrorReporter.java" line-rate="1.0" branch-rate="1.0" complexity="1.7777777777777777">
					<methods>
					</methods>
					<lines>
					</lines>
				</class>
			</classes>
		</package>
	</packages>
</coverage>
